*** Start analyzing build configuration ***
*** List of included argument files ***
    Build configuration file:  /home/george.matei/Desktop/my_ref_flow/ref_flow_16/home16/george16.matei16/dvt_predefined_projects_target16/uvm_ref_flow_116.1/.dvt/default.build
*** Done analyzing build configuration [21 ms] ***
*** Start SystemVerilog build ***
*** Loading top files ***
Loading (1) /home/george.matei/git/dvt.main/ro.amiq.dvt.predefined_projects/libs/uvm-1.1b/src/uvm_pkg.sv ...
Loading (2) /home/george.matei/git/dvt.main/ro.amiq.dvt.predefined_projects/libs/uvm-1.1b/src/uvm_macros.svh ...
Loading (3) /home/george.matei/git/dvt.main/ro.amiq.dvt.predefined_projects/libs/uvm-1.1b/src/macros/uvm_version_defines.svh ...
Done /home/george.matei/git/dvt.main/ro.amiq.dvt.predefined_projects/libs/uvm-1.1b/src/macros/uvm_version_defines.svh [53 ms, 51 lines, SystemVerilog_2012] ...
Loading (4) /home/george.matei/git/dvt.main/ro.amiq.dvt.predefined_projects/libs/uvm-1.1b/src/macros/uvm_message_defines.svh ...
Done /home/george.matei/git/dvt.main/ro.amiq.dvt.predefined_projects/libs/uvm-1.1b/src/macros/uvm_message_defines.svh [0 ms, 220 lines, SystemVerilog_2012] ...
Loading (5) /home/george.matei/git/dvt.main/ro.amiq.dvt.predefined_projects/libs/uvm-1.1b/src/macros/uvm_phase_defines.svh ...
Done /home/george.matei/git/dvt.main/ro.amiq.dvt.predefined_projects/libs/uvm-1.1b/src/macros/uvm_phase_defines.svh [0 ms, 130 lines, SystemVerilog_2012] ...
Loading (6) /home/george.matei/git/dvt.main/ro.amiq.dvt.predefined_projects/libs/uvm-1.1b/src/macros/uvm_object_defines.svh ...
Done /home/george.matei/git/dvt.main/ro.amiq.dvt.predefined_projects/libs/uvm-1.1b/src/macros/uvm_object_defines.svh [0 ms, 3640 lines, SystemVerilog_2012] ...
Loading (7) /home/george.matei/git/dvt.main/ro.amiq.dvt.predefined_projects/libs/uvm-1.1b/src/macros/uvm_printer_defines.svh ...
Done /home/george.matei/git/dvt.main/ro.amiq.dvt.predefined_projects/libs/uvm-1.1b/src/macros/uvm_printer_defines.svh [0 ms, 420 lines, SystemVerilog_2012] ...
Loading (8) /home/george.matei/git/dvt.main/ro.amiq.dvt.predefined_projects/libs/uvm-1.1b/src/macros/uvm_tlm_defines.svh ...
Loading (9) /home/george.matei/git/dvt.main/ro.amiq.dvt.predefined_projects/libs/uvm-1.1b/src/tlm1/uvm_tlm_imps.svh ...
Done /home/george.matei/git/dvt.main/ro.amiq.dvt.predefined_projects/libs/uvm-1.1b/src/tlm1/uvm_tlm_imps.svh [0 ms, 229 lines, SystemVerilog_2012] ...
Done /home/george.matei/git/dvt.main/ro.amiq.dvt.predefined_projects/libs/uvm-1.1b/src/macros/uvm_tlm_defines.svh [0 ms, 615 lines, SystemVerilog_2012] ...
Loading (10) /home/george.matei/git/dvt.main/ro.amiq.dvt.predefined_projects/libs/uvm-1.1b/src/macros/uvm_sequence_defines.svh ...
Done /home/george.matei/git/dvt.main/ro.amiq.dvt.predefined_projects/libs/uvm-1.1b/src/macros/uvm_sequence_defines.svh [0 ms, 456 lines, SystemVerilog_2012] ...
Loading (11) /home/george.matei/git/dvt.main/ro.amiq.dvt.predefined_projects/libs/uvm-1.1b/src/macros/uvm_callback_defines.svh ...
Done /home/george.matei/git/dvt.main/ro.amiq.dvt.predefined_projects/libs/uvm-1.1b/src/macros/uvm_callback_defines.svh [37 ms, 292 lines, SystemVerilog_2012] ...
Loading (12) /home/george.matei/git/dvt.main/ro.amiq.dvt.predefined_projects/libs/uvm-1.1b/src/macros/uvm_reg_defines.svh ...
Done /home/george.matei/git/dvt.main/ro.amiq.dvt.predefined_projects/libs/uvm-1.1b/src/macros/uvm_reg_defines.svh [0 ms, 69 lines, SystemVerilog_2012] ...
Loading (13) /home/george.matei/git/dvt.main/ro.amiq.dvt.predefined_projects/libs/uvm-1.1b/src/macros/uvm_deprecated_defines.svh ...
Done /home/george.matei/git/dvt.main/ro.amiq.dvt.predefined_projects/libs/uvm-1.1b/src/macros/uvm_deprecated_defines.svh [0 ms, 251 lines, SystemVerilog_2012] ...
Done /home/george.matei/git/dvt.main/ro.amiq.dvt.predefined_projects/libs/uvm-1.1b/src/uvm_macros.svh [0 ms, 99 lines, SystemVerilog_2012] ...
Loading (14) /home/george.matei/git/dvt.main/ro.amiq.dvt.predefined_projects/libs/uvm-1.1b/src/dpi/uvm_dpi.svh ...
Loading (15) /home/george.matei/git/dvt.main/ro.amiq.dvt.predefined_projects/libs/uvm-1.1b/src/dpi/uvm_hdl.svh ...
Done /home/george.matei/git/dvt.main/ro.amiq.dvt.predefined_projects/libs/uvm-1.1b/src/dpi/uvm_hdl.svh [1 ms, 164 lines, SystemVerilog_2012] ...
Loading (16) /home/george.matei/git/dvt.main/ro.amiq.dvt.predefined_projects/libs/uvm-1.1b/src/dpi/uvm_svcmd_dpi.svh ...
Done /home/george.matei/git/dvt.main/ro.amiq.dvt.predefined_projects/libs/uvm-1.1b/src/dpi/uvm_svcmd_dpi.svh [1 ms, 61 lines, SystemVerilog_2012] ...
Loading (17) /home/george.matei/git/dvt.main/ro.amiq.dvt.predefined_projects/libs/uvm-1.1b/src/dpi/uvm_regex.svh ...
Done /home/george.matei/git/dvt.main/ro.amiq.dvt.predefined_projects/libs/uvm-1.1b/src/dpi/uvm_regex.svh [0 ms, 89 lines, SystemVerilog_2012] ...
Done /home/george.matei/git/dvt.main/ro.amiq.dvt.predefined_projects/libs/uvm-1.1b/src/dpi/uvm_dpi.svh [0 ms, 44 lines, SystemVerilog_2012] ...
Loading (18) /home/george.matei/git/dvt.main/ro.amiq.dvt.predefined_projects/libs/uvm-1.1b/src/base/uvm_base.svh ...
Loading (19) /home/george.matei/git/dvt.main/ro.amiq.dvt.predefined_projects/libs/uvm-1.1b/src/base/uvm_version.svh ...
Done /home/george.matei/git/dvt.main/ro.amiq.dvt.predefined_projects/libs/uvm-1.1b/src/base/uvm_version.svh [0 ms, 37 lines, SystemVerilog_2012] ...
Loading (20) /home/george.matei/git/dvt.main/ro.amiq.dvt.predefined_projects/libs/uvm-1.1b/src/base/uvm_object_globals.svh ...
Done /home/george.matei/git/dvt.main/ro.amiq.dvt.predefined_projects/libs/uvm-1.1b/src/base/uvm_object_globals.svh [3 ms, 672 lines, SystemVerilog_2012] ...
Loading (21) /home/george.matei/git/dvt.main/ro.amiq.dvt.predefined_projects/libs/uvm-1.1b/src/base/uvm_misc.svh ...
Done /home/george.matei/git/dvt.main/ro.amiq.dvt.predefined_projects/libs/uvm-1.1b/src/base/uvm_misc.svh [18 ms, 702 lines, SystemVerilog_2012] ...
Loading (22) /home/george.matei/git/dvt.main/ro.amiq.dvt.predefined_projects/libs/uvm-1.1b/src/deprecated/uvm_type_utils.svh ...
Done /home/george.matei/git/dvt.main/ro.amiq.dvt.predefined_projects/libs/uvm-1.1b/src/deprecated/uvm_type_utils.svh [1 ms, 42 lines, SystemVerilog_2012] ...
Loading (23) /home/george.matei/git/dvt.main/ro.amiq.dvt.predefined_projects/libs/uvm-1.1b/src/base/uvm_object.svh ...
Done /home/george.matei/git/dvt.main/ro.amiq.dvt.predefined_projects/libs/uvm-1.1b/src/base/uvm_object.svh [14 ms, 1329 lines, SystemVerilog_2012] ...
Loading (24) /home/george.matei/git/dvt.main/ro.amiq.dvt.predefined_projects/libs/uvm-1.1b/src/base/uvm_pool.svh ...
Done /home/george.matei/git/dvt.main/ro.amiq.dvt.predefined_projects/libs/uvm-1.1b/src/base/uvm_pool.svh [7 ms, 348 lines, SystemVerilog_2012] ...
Loading (25) /home/george.matei/git/dvt.main/ro.amiq.dvt.predefined_projects/libs/uvm-1.1b/src/base/uvm_queue.svh ...
Done /home/george.matei/git/dvt.main/ro.amiq.dvt.predefined_projects/libs/uvm-1.1b/src/base/uvm_queue.svh [4 ms, 214 lines, SystemVerilog_2012] ...
Loading (26) /home/george.matei/git/dvt.main/ro.amiq.dvt.predefined_projects/libs/uvm-1.1b/src/base/uvm_factory.svh ...
Done /home/george.matei/git/dvt.main/ro.amiq.dvt.predefined_projects/libs/uvm-1.1b/src/base/uvm_factory.svh [25 ms, 1633 lines, SystemVerilog_2012] ...
Loading (27) /home/george.matei/git/dvt.main/ro.amiq.dvt.predefined_projects/libs/uvm-1.1b/src/base/uvm_registry.svh ...
Done /home/george.matei/git/dvt.main/ro.amiq.dvt.predefined_projects/libs/uvm-1.1b/src/base/uvm_registry.svh [6 ms, 366 lines, SystemVerilog_2012] ...
Loading (28) /home/george.matei/git/dvt.main/ro.amiq.dvt.predefined_projects/libs/uvm-1.1b/src/base/uvm_spell_chkr.svh ...
Done /home/george.matei/git/dvt.main/ro.amiq.dvt.predefined_projects/libs/uvm-1.1b/src/base/uvm_spell_chkr.svh [3 ms, 194 lines, SystemVerilog_2012] ...
Loading (29) /home/george.matei/git/dvt.main/ro.amiq.dvt.predefined_projects/libs/uvm-1.1b/src/base/uvm_resource.svh ...
Done /home/george.matei/git/dvt.main/ro.amiq.dvt.predefined_projects/libs/uvm-1.1b/src/base/uvm_resource.svh [24 ms, 1708 lines, SystemVerilog_2012] ...
Loading (30) /home/george.matei/git/dvt.main/ro.amiq.dvt.predefined_projects/libs/uvm-1.1b/src/deprecated/uvm_resource_converter.svh ...
Done /home/george.matei/git/dvt.main/ro.amiq.dvt.predefined_projects/libs/uvm-1.1b/src/deprecated/uvm_resource_converter.svh [2 ms, 200 lines, SystemVerilog_2012] ...
Loading (31) /home/george.matei/git/dvt.main/ro.amiq.dvt.predefined_projects/libs/uvm-1.1b/src/base/uvm_resource_specializations.svh ...
Done /home/george.matei/git/dvt.main/ro.amiq.dvt.predefined_projects/libs/uvm-1.1b/src/base/uvm_resource_specializations.svh [8 ms, 171 lines, SystemVerilog_2012] ...
Loading (32) /home/george.matei/git/dvt.main/ro.amiq.dvt.predefined_projects/libs/uvm-1.1b/src/base/uvm_resource_db.svh ...
Done /home/george.matei/git/dvt.main/ro.amiq.dvt.predefined_projects/libs/uvm-1.1b/src/base/uvm_resource_db.svh [9 ms, 409 lines, SystemVerilog_2012] ...
Loading (33) /home/george.matei/git/dvt.main/ro.amiq.dvt.predefined_projects/libs/uvm-1.1b/src/base/uvm_config_db.svh ...
Done /home/george.matei/git/dvt.main/ro.amiq.dvt.predefined_projects/libs/uvm-1.1b/src/base/uvm_config_db.svh [8 ms, 373 lines, SystemVerilog_2012] ...
Loading (34) /home/george.matei/git/dvt.main/ro.amiq.dvt.predefined_projects/libs/uvm-1.1b/src/base/uvm_printer.svh ...
Done /home/george.matei/git/dvt.main/ro.amiq.dvt.predefined_projects/libs/uvm-1.1b/src/base/uvm_printer.svh [17 ms, 1156 lines, SystemVerilog_2012] ...
Loading (35) /home/george.matei/git/dvt.main/ro.amiq.dvt.predefined_projects/libs/uvm-1.1b/src/base/uvm_comparer.svh ...
Done /home/george.matei/git/dvt.main/ro.amiq.dvt.predefined_projects/libs/uvm-1.1b/src/base/uvm_comparer.svh [7 ms, 419 lines, SystemVerilog_2012] ...
Loading (36) /home/george.matei/git/dvt.main/ro.amiq.dvt.predefined_projects/libs/uvm-1.1b/src/base/uvm_packer.svh ...
Done /home/george.matei/git/dvt.main/ro.amiq.dvt.predefined_projects/libs/uvm-1.1b/src/base/uvm_packer.svh [14 ms, 783 lines, SystemVerilog_2012] ...
Loading (37) /home/george.matei/git/dvt.main/ro.amiq.dvt.predefined_projects/libs/uvm-1.1b/src/base/uvm_recorder.svh ...
Done /home/george.matei/git/dvt.main/ro.amiq.dvt.predefined_projects/libs/uvm-1.1b/src/base/uvm_recorder.svh [5 ms, 360 lines, SystemVerilog_2012] ...
Loading (38) /home/george.matei/git/dvt.main/ro.amiq.dvt.predefined_projects/libs/uvm-1.1b/src/base/uvm_event_callback.svh ...
Done /home/george.matei/git/dvt.main/ro.amiq.dvt.predefined_projects/libs/uvm-1.1b/src/base/uvm_event_callback.svh [1 ms, 91 lines, SystemVerilog_2012] ...
Loading (39) /home/george.matei/git/dvt.main/ro.amiq.dvt.predefined_projects/libs/uvm-1.1b/src/base/uvm_event.svh ...
Done /home/george.matei/git/dvt.main/ro.amiq.dvt.predefined_projects/libs/uvm-1.1b/src/base/uvm_event.svh [151 ms, 362 lines, SystemVerilog_2012] ...
Loading (40) /home/george.matei/git/dvt.main/ro.amiq.dvt.predefined_projects/libs/uvm-1.1b/src/base/uvm_barrier.svh ...
Done /home/george.matei/git/dvt.main/ro.amiq.dvt.predefined_projects/libs/uvm-1.1b/src/base/uvm_barrier.svh [4 ms, 212 lines, SystemVerilog_2012] ...
Loading (41) /home/george.matei/git/dvt.main/ro.amiq.dvt.predefined_projects/libs/uvm-1.1b/src/base/uvm_callback.svh ...
Loading (42) /home/george.matei/git/dvt.main/ro.amiq.dvt.predefined_projects/libs/uvm-1.1b/src/uvm_macros.svh ...
Done /home/george.matei/git/dvt.main/ro.amiq.dvt.predefined_projects/libs/uvm-1.1b/src/uvm_macros.svh [0 ms, 99 lines, SystemVerilog_2012] ...
Done /home/george.matei/git/dvt.main/ro.amiq.dvt.predefined_projects/libs/uvm-1.1b/src/base/uvm_callback.svh [27 ms, 1192 lines, SystemVerilog_2012] ...
Loading (43) /home/george.matei/git/dvt.main/ro.amiq.dvt.predefined_projects/libs/uvm-1.1b/src/base/uvm_report_catcher.svh ...
Done /home/george.matei/git/dvt.main/ro.amiq.dvt.predefined_projects/libs/uvm-1.1b/src/base/uvm_report_catcher.svh [10 ms, 659 lines, SystemVerilog_2012] ...
Loading (44) /home/george.matei/git/dvt.main/ro.amiq.dvt.predefined_projects/libs/uvm-1.1b/src/base/uvm_report_server.svh ...
Done /home/george.matei/git/dvt.main/ro.amiq.dvt.predefined_projects/libs/uvm-1.1b/src/base/uvm_report_server.svh [10 ms, 558 lines, SystemVerilog_2012] ...
Loading (45) /home/george.matei/git/dvt.main/ro.amiq.dvt.predefined_projects/libs/uvm-1.1b/src/base/uvm_report_handler.svh ...
Done /home/george.matei/git/dvt.main/ro.amiq.dvt.predefined_projects/libs/uvm-1.1b/src/base/uvm_report_handler.svh [16 ms, 675 lines, SystemVerilog_2012] ...
Loading (46) /home/george.matei/git/dvt.main/ro.amiq.dvt.predefined_projects/libs/uvm-1.1b/src/base/uvm_report_object.svh ...
Done /home/george.matei/git/dvt.main/ro.amiq.dvt.predefined_projects/libs/uvm-1.1b/src/base/uvm_report_object.svh [5 ms, 543 lines, SystemVerilog_2012] ...
Loading (47) /home/george.matei/git/dvt.main/ro.amiq.dvt.predefined_projects/libs/uvm-1.1b/src/base/uvm_transaction.svh ...
Done /home/george.matei/git/dvt.main/ro.amiq.dvt.predefined_projects/libs/uvm-1.1b/src/base/uvm_transaction.svh [7 ms, 793 lines, SystemVerilog_2012] ...
Loading (48) /home/george.matei/git/dvt.main/ro.amiq.dvt.predefined_projects/libs/uvm-1.1b/src/base/uvm_phase.svh ...
Done /home/george.matei/git/dvt.main/ro.amiq.dvt.predefined_projects/libs/uvm-1.1b/src/base/uvm_phase.svh [34 ms, 1800 lines, SystemVerilog_2012] ...
Loading (49) /home/george.matei/git/dvt.main/ro.amiq.dvt.predefined_projects/libs/uvm-1.1b/src/base/uvm_domain.svh ...
Done /home/george.matei/git/dvt.main/ro.amiq.dvt.predefined_projects/libs/uvm-1.1b/src/base/uvm_domain.svh [10 ms, 219 lines, SystemVerilog_2012] ...
Loading (50) /home/george.matei/git/dvt.main/ro.amiq.dvt.predefined_projects/libs/uvm-1.1b/src/base/uvm_bottomup_phase.svh ...
Done /home/george.matei/git/dvt.main/ro.amiq.dvt.predefined_projects/libs/uvm-1.1b/src/base/uvm_bottomup_phase.svh [2 ms, 113 lines, SystemVerilog_2012] ...
Loading (51) /home/george.matei/git/dvt.main/ro.amiq.dvt.predefined_projects/libs/uvm-1.1b/src/base/uvm_topdown_phase.svh ...
Done /home/george.matei/git/dvt.main/ro.amiq.dvt.predefined_projects/libs/uvm-1.1b/src/base/uvm_topdown_phase.svh [3 ms, 115 lines, SystemVerilog_2012] ...
Loading (52) /home/george.matei/git/dvt.main/ro.amiq.dvt.predefined_projects/libs/uvm-1.1b/src/base/uvm_task_phase.svh ...
Done /home/george.matei/git/dvt.main/ro.amiq.dvt.predefined_projects/libs/uvm-1.1b/src/base/uvm_task_phase.svh [3 ms, 160 lines, SystemVerilog_2012] ...
Loading (53) /home/george.matei/git/dvt.main/ro.amiq.dvt.predefined_projects/libs/uvm-1.1b/src/base/uvm_common_phases.svh ...
Done /home/george.matei/git/dvt.main/ro.amiq.dvt.predefined_projects/libs/uvm-1.1b/src/base/uvm_common_phases.svh [5 ms, 413 lines, SystemVerilog_2012] ...
Loading (54) /home/george.matei/git/dvt.main/ro.amiq.dvt.predefined_projects/libs/uvm-1.1b/src/base/uvm_runtime_phases.svh ...
Done /home/george.matei/git/dvt.main/ro.amiq.dvt.predefined_projects/libs/uvm-1.1b/src/base/uvm_runtime_phases.svh [8 ms, 510 lines, SystemVerilog_2012] ...
Loading (55) /home/george.matei/git/dvt.main/ro.amiq.dvt.predefined_projects/libs/uvm-1.1b/src/base/uvm_component.svh ...
Loading (56) /home/george.matei/git/dvt.main/ro.amiq.dvt.predefined_projects/libs/uvm-1.1b/src/base/uvm_root.svh ...
Done /home/george.matei/git/dvt.main/ro.amiq.dvt.predefined_projects/libs/uvm-1.1b/src/base/uvm_root.svh [25 ms, 903 lines, SystemVerilog_2012] ...
Done /home/george.matei/git/dvt.main/ro.amiq.dvt.predefined_projects/libs/uvm-1.1b/src/base/uvm_component.svh [41 ms, 3414 lines, SystemVerilog_2012] ...
Loading (57) /home/george.matei/git/dvt.main/ro.amiq.dvt.predefined_projects/libs/uvm-1.1b/src/base/uvm_objection.svh ...
Done /home/george.matei/git/dvt.main/ro.amiq.dvt.predefined_projects/libs/uvm-1.1b/src/base/uvm_objection.svh [25 ms, 1344 lines, SystemVerilog_2012] ...
Loading (58) /home/george.matei/git/dvt.main/ro.amiq.dvt.predefined_projects/libs/uvm-1.1b/src/base/uvm_heartbeat.svh ...
Done /home/george.matei/git/dvt.main/ro.amiq.dvt.predefined_projects/libs/uvm-1.1b/src/base/uvm_heartbeat.svh [7 ms, 339 lines, SystemVerilog_2012] ...
Loading (59) /home/george.matei/git/dvt.main/ro.amiq.dvt.predefined_projects/libs/uvm-1.1b/src/base/uvm_globals.svh ...
Done /home/george.matei/git/dvt.main/ro.amiq.dvt.predefined_projects/libs/uvm-1.1b/src/base/uvm_globals.svh [6 ms, 394 lines, SystemVerilog_2012] ...
Loading (60) /home/george.matei/git/dvt.main/ro.amiq.dvt.predefined_projects/libs/uvm-1.1b/src/base/uvm_cmdline_processor.svh ...
Done /home/george.matei/git/dvt.main/ro.amiq.dvt.predefined_projects/libs/uvm-1.1b/src/base/uvm_cmdline_processor.svh [6 ms, 434 lines, SystemVerilog_2012] ...
Done /home/george.matei/git/dvt.main/ro.amiq.dvt.predefined_projects/libs/uvm-1.1b/src/base/uvm_base.svh [0 ms, 101 lines, SystemVerilog_2012] ...
Loading (61) /home/george.matei/git/dvt.main/ro.amiq.dvt.predefined_projects/libs/uvm-1.1b/src/tlm1/uvm_tlm.svh ...
Loading (62) /home/george.matei/git/dvt.main/ro.amiq.dvt.predefined_projects/libs/uvm-1.1b/src/tlm1/uvm_tlm_ifs.svh ...
Done /home/george.matei/git/dvt.main/ro.amiq.dvt.predefined_projects/libs/uvm-1.1b/src/tlm1/uvm_tlm_ifs.svh [3 ms, 219 lines, SystemVerilog_2012] ...
Loading (63) /home/george.matei/git/dvt.main/ro.amiq.dvt.predefined_projects/libs/uvm-1.1b/src/tlm1/uvm_sqr_ifs.svh ...
Done /home/george.matei/git/dvt.main/ro.amiq.dvt.predefined_projects/libs/uvm-1.1b/src/tlm1/uvm_sqr_ifs.svh [2 ms, 215 lines, SystemVerilog_2012] ...
Loading (64) /home/george.matei/git/dvt.main/ro.amiq.dvt.predefined_projects/libs/uvm-1.1b/src/base/uvm_port_base.svh ...
Done /home/george.matei/git/dvt.main/ro.amiq.dvt.predefined_projects/libs/uvm-1.1b/src/base/uvm_port_base.svh [13 ms, 792 lines, SystemVerilog_2012] ...
Loading (65) /home/george.matei/git/dvt.main/ro.amiq.dvt.predefined_projects/libs/uvm-1.1b/src/tlm1/uvm_tlm_imps.svh ...
Done /home/george.matei/git/dvt.main/ro.amiq.dvt.predefined_projects/libs/uvm-1.1b/src/tlm1/uvm_tlm_imps.svh [0 ms, 229 lines, SystemVerilog_2012] ...
Loading (66) /home/george.matei/git/dvt.main/ro.amiq.dvt.predefined_projects/libs/uvm-1.1b/src/tlm1/uvm_imps.svh ...
Done /home/george.matei/git/dvt.main/ro.amiq.dvt.predefined_projects/libs/uvm-1.1b/src/tlm1/uvm_imps.svh [18 ms, 317 lines, SystemVerilog_2012] ...
Loading (67) /home/george.matei/git/dvt.main/ro.amiq.dvt.predefined_projects/libs/uvm-1.1b/src/tlm1/uvm_ports.svh ...
Done /home/george.matei/git/dvt.main/ro.amiq.dvt.predefined_projects/libs/uvm-1.1b/src/tlm1/uvm_ports.svh [14 ms, 262 lines, SystemVerilog_2012] ...
Loading (68) /home/george.matei/git/dvt.main/ro.amiq.dvt.predefined_projects/libs/uvm-1.1b/src/tlm1/uvm_exports.svh ...
Done /home/george.matei/git/dvt.main/ro.amiq.dvt.predefined_projects/libs/uvm-1.1b/src/tlm1/uvm_exports.svh [16 ms, 260 lines, SystemVerilog_2012] ...
Loading (69) /home/george.matei/git/dvt.main/ro.amiq.dvt.predefined_projects/libs/uvm-1.1b/src/tlm1/uvm_analysis_port.svh ...
Done /home/george.matei/git/dvt.main/ro.amiq.dvt.predefined_projects/libs/uvm-1.1b/src/tlm1/uvm_analysis_port.svh [3 ms, 156 lines, SystemVerilog_2012] ...
Loading (70) /home/george.matei/git/dvt.main/ro.amiq.dvt.predefined_projects/libs/uvm-1.1b/src/tlm1/uvm_tlm_fifo_base.svh ...
Done /home/george.matei/git/dvt.main/ro.amiq.dvt.predefined_projects/libs/uvm-1.1b/src/tlm1/uvm_tlm_fifo_base.svh [5 ms, 253 lines, SystemVerilog_2012] ...
Loading (71) /home/george.matei/git/dvt.main/ro.amiq.dvt.predefined_projects/libs/uvm-1.1b/src/tlm1/uvm_tlm_fifos.svh ...
Done /home/george.matei/git/dvt.main/ro.amiq.dvt.predefined_projects/libs/uvm-1.1b/src/tlm1/uvm_tlm_fifos.svh [3 ms, 239 lines, SystemVerilog_2012] ...
Loading (72) /home/george.matei/git/dvt.main/ro.amiq.dvt.predefined_projects/libs/uvm-1.1b/src/tlm1/uvm_tlm_req_rsp.svh ...
Done /home/george.matei/git/dvt.main/ro.amiq.dvt.predefined_projects/libs/uvm-1.1b/src/tlm1/uvm_tlm_req_rsp.svh [5 ms, 349 lines, SystemVerilog_2012] ...
Loading (73) /home/george.matei/git/dvt.main/ro.amiq.dvt.predefined_projects/libs/uvm-1.1b/src/tlm1/uvm_sqr_connections.svh ...
Done /home/george.matei/git/dvt.main/ro.amiq.dvt.predefined_projects/libs/uvm-1.1b/src/tlm1/uvm_sqr_connections.svh [5 ms, 96 lines, SystemVerilog_2012] ...
Done /home/george.matei/git/dvt.main/ro.amiq.dvt.predefined_projects/libs/uvm-1.1b/src/tlm1/uvm_tlm.svh [0 ms, 40 lines, SystemVerilog_2012] ...
Loading (74) /home/george.matei/git/dvt.main/ro.amiq.dvt.predefined_projects/libs/uvm-1.1b/src/comps/uvm_comps.svh ...
Loading (75) /home/george.matei/git/dvt.main/ro.amiq.dvt.predefined_projects/libs/uvm-1.1b/src/comps/uvm_pair.svh ...
Done /home/george.matei/git/dvt.main/ro.amiq.dvt.predefined_projects/libs/uvm-1.1b/src/comps/uvm_pair.svh [6 ms, 177 lines, SystemVerilog_2012] ...
Loading (76) /home/george.matei/git/dvt.main/ro.amiq.dvt.predefined_projects/libs/uvm-1.1b/src/comps/uvm_policies.svh ...
Done /home/george.matei/git/dvt.main/ro.amiq.dvt.predefined_projects/libs/uvm-1.1b/src/comps/uvm_policies.svh [0 ms, 150 lines, SystemVerilog_2012] ...
Loading (77) /home/george.matei/git/dvt.main/ro.amiq.dvt.predefined_projects/libs/uvm-1.1b/src/comps/uvm_in_order_comparator.svh ...
Done /home/george.matei/git/dvt.main/ro.amiq.dvt.predefined_projects/libs/uvm-1.1b/src/comps/uvm_in_order_comparator.svh [5 ms, 260 lines, SystemVerilog_2012] ...
Loading (78) /home/george.matei/git/dvt.main/ro.amiq.dvt.predefined_projects/libs/uvm-1.1b/src/comps/uvm_algorithmic_comparator.svh ...
Done /home/george.matei/git/dvt.main/ro.amiq.dvt.predefined_projects/libs/uvm-1.1b/src/comps/uvm_algorithmic_comparator.svh [2 ms, 135 lines, SystemVerilog_2012] ...
Loading (79) /home/george.matei/git/dvt.main/ro.amiq.dvt.predefined_projects/libs/uvm-1.1b/src/comps/uvm_random_stimulus.svh ...
Done /home/george.matei/git/dvt.main/ro.amiq.dvt.predefined_projects/libs/uvm-1.1b/src/comps/uvm_random_stimulus.svh [2 ms, 132 lines, SystemVerilog_2012] ...
Loading (80) /home/george.matei/git/dvt.main/ro.amiq.dvt.predefined_projects/libs/uvm-1.1b/src/comps/uvm_subscriber.svh ...
Done /home/george.matei/git/dvt.main/ro.amiq.dvt.predefined_projects/libs/uvm-1.1b/src/comps/uvm_subscriber.svh [0 ms, 68 lines, SystemVerilog_2012] ...
Loading (81) /home/george.matei/git/dvt.main/ro.amiq.dvt.predefined_projects/libs/uvm-1.1b/src/comps/uvm_monitor.svh ...
Done /home/george.matei/git/dvt.main/ro.amiq.dvt.predefined_projects/libs/uvm-1.1b/src/comps/uvm_monitor.svh [1 ms, 54 lines, SystemVerilog_2012] ...
Loading (82) /home/george.matei/git/dvt.main/ro.amiq.dvt.predefined_projects/libs/uvm-1.1b/src/comps/uvm_driver.svh ...
Done /home/george.matei/git/dvt.main/ro.amiq.dvt.predefined_projects/libs/uvm-1.1b/src/comps/uvm_driver.svh [1 ms, 89 lines, SystemVerilog_2012] ...
Loading (83) /home/george.matei/git/dvt.main/ro.amiq.dvt.predefined_projects/libs/uvm-1.1b/src/comps/uvm_push_driver.svh ...
Done /home/george.matei/git/dvt.main/ro.amiq.dvt.predefined_projects/libs/uvm-1.1b/src/comps/uvm_push_driver.svh [3 ms, 97 lines, SystemVerilog_2012] ...
Loading (84) /home/george.matei/git/dvt.main/ro.amiq.dvt.predefined_projects/libs/uvm-1.1b/src/comps/uvm_scoreboard.svh ...
Done /home/george.matei/git/dvt.main/ro.amiq.dvt.predefined_projects/libs/uvm-1.1b/src/comps/uvm_scoreboard.svh [0 ms, 56 lines, SystemVerilog_2012] ...
Loading (85) /home/george.matei/git/dvt.main/ro.amiq.dvt.predefined_projects/libs/uvm-1.1b/src/comps/uvm_agent.svh ...
Done /home/george.matei/git/dvt.main/ro.amiq.dvt.predefined_projects/libs/uvm-1.1b/src/comps/uvm_agent.svh [1 ms, 83 lines, SystemVerilog_2012] ...
Loading (86) /home/george.matei/git/dvt.main/ro.amiq.dvt.predefined_projects/libs/uvm-1.1b/src/comps/uvm_env.svh ...
Done /home/george.matei/git/dvt.main/ro.amiq.dvt.predefined_projects/libs/uvm-1.1b/src/comps/uvm_env.svh [0 ms, 54 lines, SystemVerilog_2012] ...
Loading (87) /home/george.matei/git/dvt.main/ro.amiq.dvt.predefined_projects/libs/uvm-1.1b/src/comps/uvm_test.svh ...
Done /home/george.matei/git/dvt.main/ro.amiq.dvt.predefined_projects/libs/uvm-1.1b/src/comps/uvm_test.svh [1 ms, 82 lines, SystemVerilog_2012] ...
Done /home/george.matei/git/dvt.main/ro.amiq.dvt.predefined_projects/libs/uvm-1.1b/src/comps/uvm_comps.svh [0 ms, 37 lines, SystemVerilog_2012] ...
Loading (88) /home/george.matei/git/dvt.main/ro.amiq.dvt.predefined_projects/libs/uvm-1.1b/src/seq/uvm_seq.svh ...
Loading (89) /home/george.matei/git/dvt.main/ro.amiq.dvt.predefined_projects/libs/uvm-1.1b/src/seq/uvm_sequence_item.svh ...
Done /home/george.matei/git/dvt.main/ro.amiq.dvt.predefined_projects/libs/uvm-1.1b/src/seq/uvm_sequence_item.svh [7 ms, 494 lines, SystemVerilog_2012] ...
Loading (90) /home/george.matei/git/dvt.main/ro.amiq.dvt.predefined_projects/libs/uvm-1.1b/src/seq/uvm_sequencer_base.svh ...
Done /home/george.matei/git/dvt.main/ro.amiq.dvt.predefined_projects/libs/uvm-1.1b/src/seq/uvm_sequencer_base.svh [31 ms, 1653 lines, SystemVerilog_2012] ...
Loading (91) /home/george.matei/git/dvt.main/ro.amiq.dvt.predefined_projects/libs/uvm-1.1b/src/seq/uvm_sequencer_analysis_fifo.svh ...
Done /home/george.matei/git/dvt.main/ro.amiq.dvt.predefined_projects/libs/uvm-1.1b/src/seq/uvm_sequencer_analysis_fifo.svh [1 ms, 39 lines, SystemVerilog_2012] ...
Loading (92) /home/george.matei/git/dvt.main/ro.amiq.dvt.predefined_projects/libs/uvm-1.1b/src/seq/uvm_sequencer_param_base.svh ...
Done /home/george.matei/git/dvt.main/ro.amiq.dvt.predefined_projects/libs/uvm-1.1b/src/seq/uvm_sequencer_param_base.svh [7 ms, 461 lines, SystemVerilog_2012] ...
Loading (93) /home/george.matei/git/dvt.main/ro.amiq.dvt.predefined_projects/libs/uvm-1.1b/src/seq/uvm_sequencer.svh ...
Done /home/george.matei/git/dvt.main/ro.amiq.dvt.predefined_projects/libs/uvm-1.1b/src/seq/uvm_sequencer.svh [6 ms, 311 lines, SystemVerilog_2012] ...
Loading (94) /home/george.matei/git/dvt.main/ro.amiq.dvt.predefined_projects/libs/uvm-1.1b/src/seq/uvm_push_sequencer.svh ...
Done /home/george.matei/git/dvt.main/ro.amiq.dvt.predefined_projects/libs/uvm-1.1b/src/seq/uvm_push_sequencer.svh [2 ms, 85 lines, SystemVerilog_2012] ...
Loading (95) /home/george.matei/git/dvt.main/ro.amiq.dvt.predefined_projects/libs/uvm-1.1b/src/seq/uvm_sequence_base.svh ...
Done /home/george.matei/git/dvt.main/ro.amiq.dvt.predefined_projects/libs/uvm-1.1b/src/seq/uvm_sequence_base.svh [17 ms, 1175 lines, SystemVerilog_2012] ...
Loading (96) /home/george.matei/git/dvt.main/ro.amiq.dvt.predefined_projects/libs/uvm-1.1b/src/seq/uvm_sequence.svh ...
Done /home/george.matei/git/dvt.main/ro.amiq.dvt.predefined_projects/libs/uvm-1.1b/src/seq/uvm_sequence.svh [3 ms, 165 lines, SystemVerilog_2012] ...
Loading (97) /home/george.matei/git/dvt.main/ro.amiq.dvt.predefined_projects/libs/uvm-1.1b/src/seq/uvm_sequence_library.svh ...
Done /home/george.matei/git/dvt.main/ro.amiq.dvt.predefined_projects/libs/uvm-1.1b/src/seq/uvm_sequence_library.svh [18 ms, 839 lines, SystemVerilog_2012] ...
Loading (98) /home/george.matei/git/dvt.main/ro.amiq.dvt.predefined_projects/libs/uvm-1.1b/src/seq/uvm_sequence_builtin.svh ...
Done /home/george.matei/git/dvt.main/ro.amiq.dvt.predefined_projects/libs/uvm-1.1b/src/seq/uvm_sequence_builtin.svh [7 ms, 301 lines, SystemVerilog_2012] ...
Done /home/george.matei/git/dvt.main/ro.amiq.dvt.predefined_projects/libs/uvm-1.1b/src/seq/uvm_seq.svh [0 ms, 40 lines, SystemVerilog_2012] ...
Loading (99) /home/george.matei/git/dvt.main/ro.amiq.dvt.predefined_projects/libs/uvm-1.1b/src/tlm2/uvm_tlm2.svh ...
Loading (100) /home/george.matei/git/dvt.main/ro.amiq.dvt.predefined_projects/libs/uvm-1.1b/src/tlm2/uvm_tlm2_defines.svh ...
Done /home/george.matei/git/dvt.main/ro.amiq.dvt.predefined_projects/libs/uvm-1.1b/src/tlm2/uvm_tlm2_defines.svh [0 ms, 45 lines, SystemVerilog_2012] ...
Loading (101) /home/george.matei/git/dvt.main/ro.amiq.dvt.predefined_projects/libs/uvm-1.1b/src/tlm2/uvm_tlm2_time.svh ...
Done /home/george.matei/git/dvt.main/ro.amiq.dvt.predefined_projects/libs/uvm-1.1b/src/tlm2/uvm_tlm2_time.svh [2 ms, 333 lines, SystemVerilog_2012] ...
Loading (102) /home/george.matei/git/dvt.main/ro.amiq.dvt.predefined_projects/libs/uvm-1.1b/src/tlm2/uvm_tlm2_generic_payload.svh ...
Done /home/george.matei/git/dvt.main/ro.amiq.dvt.predefined_projects/libs/uvm-1.1b/src/tlm2/uvm_tlm2_generic_payload.svh [25 ms, 1053 lines, SystemVerilog_2012] ...
Loading (103) /home/george.matei/git/dvt.main/ro.amiq.dvt.predefined_projects/libs/uvm-1.1b/src/tlm2/uvm_tlm2_ifs.svh ...
Done /home/george.matei/git/dvt.main/ro.amiq.dvt.predefined_projects/libs/uvm-1.1b/src/tlm2/uvm_tlm2_ifs.svh [1 ms, 186 lines, SystemVerilog_2012] ...
Loading (104) /home/george.matei/git/dvt.main/ro.amiq.dvt.predefined_projects/libs/uvm-1.1b/src/tlm2/uvm_tlm2_imps.svh ...
Done /home/george.matei/git/dvt.main/ro.amiq.dvt.predefined_projects/libs/uvm-1.1b/src/tlm2/uvm_tlm2_imps.svh [2 ms, 203 lines, SystemVerilog_2012] ...
Loading (105) /home/george.matei/git/dvt.main/ro.amiq.dvt.predefined_projects/libs/uvm-1.1b/src/tlm2/uvm_tlm2_ports.svh ...
Done /home/george.matei/git/dvt.main/ro.amiq.dvt.predefined_projects/libs/uvm-1.1b/src/tlm2/uvm_tlm2_ports.svh [3 ms, 75 lines, SystemVerilog_2012] ...
Loading (106) /home/george.matei/git/dvt.main/ro.amiq.dvt.predefined_projects/libs/uvm-1.1b/src/tlm2/uvm_tlm2_exports.svh ...
Done /home/george.matei/git/dvt.main/ro.amiq.dvt.predefined_projects/libs/uvm-1.1b/src/tlm2/uvm_tlm2_exports.svh [2 ms, 65 lines, SystemVerilog_2012] ...
Loading (107) /home/george.matei/git/dvt.main/ro.amiq.dvt.predefined_projects/libs/uvm-1.1b/src/tlm2/uvm_tlm2_sockets_base.svh ...
Done /home/george.matei/git/dvt.main/ro.amiq.dvt.predefined_projects/libs/uvm-1.1b/src/tlm2/uvm_tlm2_sockets_base.svh [6 ms, 195 lines, SystemVerilog_2012] ...
Loading (108) /home/george.matei/git/dvt.main/ro.amiq.dvt.predefined_projects/libs/uvm-1.1b/src/tlm2/uvm_tlm2_sockets.svh ...
Done /home/george.matei/git/dvt.main/ro.amiq.dvt.predefined_projects/libs/uvm-1.1b/src/tlm2/uvm_tlm2_sockets.svh [13 ms, 435 lines, SystemVerilog_2012] ...
Done /home/george.matei/git/dvt.main/ro.amiq.dvt.predefined_projects/libs/uvm-1.1b/src/tlm2/uvm_tlm2.svh [0 ms, 30 lines, SystemVerilog_2012] ...
Loading (109) /home/george.matei/git/dvt.main/ro.amiq.dvt.predefined_projects/libs/uvm-1.1b/src/reg/uvm_reg_model.svh ...
Loading (110) /home/george.matei/git/dvt.main/ro.amiq.dvt.predefined_projects/libs/uvm-1.1b/src/reg/uvm_reg_item.svh ...
Done /home/george.matei/git/dvt.main/ro.amiq.dvt.predefined_projects/libs/uvm-1.1b/src/reg/uvm_reg_item.svh [12 ms, 316 lines, SystemVerilog_2012] ...
Loading (111) /home/george.matei/git/dvt.main/ro.amiq.dvt.predefined_projects/libs/uvm-1.1b/src/reg/uvm_reg_adapter.svh ...
Done /home/george.matei/git/dvt.main/ro.amiq.dvt.predefined_projects/libs/uvm-1.1b/src/reg/uvm_reg_adapter.svh [5 ms, 252 lines, SystemVerilog_2012] ...
Loading (112) /home/george.matei/git/dvt.main/ro.amiq.dvt.predefined_projects/libs/uvm-1.1b/src/reg/uvm_reg_predictor.svh ...
Done /home/george.matei/git/dvt.main/ro.amiq.dvt.predefined_projects/libs/uvm-1.1b/src/reg/uvm_reg_predictor.svh [6 ms, 256 lines, SystemVerilog_2012] ...
Loading (113) /home/george.matei/git/dvt.main/ro.amiq.dvt.predefined_projects/libs/uvm-1.1b/src/reg/uvm_reg_sequence.svh ...
Done /home/george.matei/git/dvt.main/ro.amiq.dvt.predefined_projects/libs/uvm-1.1b/src/reg/uvm_reg_sequence.svh [7 ms, 547 lines, SystemVerilog_2012] ...
Loading (114) /home/george.matei/git/dvt.main/ro.amiq.dvt.predefined_projects/libs/uvm-1.1b/src/reg/uvm_reg_cbs.svh ...
Done /home/george.matei/git/dvt.main/ro.amiq.dvt.predefined_projects/libs/uvm-1.1b/src/reg/uvm_reg_cbs.svh [10 ms, 530 lines, SystemVerilog_2012] ...
Loading (115) /home/george.matei/git/dvt.main/ro.amiq.dvt.predefined_projects/libs/uvm-1.1b/src/reg/uvm_reg_backdoor.svh ...
Done /home/george.matei/git/dvt.main/ro.amiq.dvt.predefined_projects/libs/uvm-1.1b/src/reg/uvm_reg_backdoor.svh [8 ms, 357 lines, SystemVerilog_2012] ...
Loading (116) /home/george.matei/git/dvt.main/ro.amiq.dvt.predefined_projects/libs/uvm-1.1b/src/reg/uvm_reg_field.svh ...
Done /home/george.matei/git/dvt.main/ro.amiq.dvt.predefined_projects/libs/uvm-1.1b/src/reg/uvm_reg_field.svh [31 ms, 1997 lines, SystemVerilog_2012] ...
Loading (117) /home/george.matei/git/dvt.main/ro.amiq.dvt.predefined_projects/libs/uvm-1.1b/src/reg/uvm_vreg_field.svh ...
Done /home/george.matei/git/dvt.main/ro.amiq.dvt.predefined_projects/libs/uvm-1.1b/src/reg/uvm_vreg_field.svh [19 ms, 1005 lines, SystemVerilog_2012] ...
Loading (118) /home/george.matei/git/dvt.main/ro.amiq.dvt.predefined_projects/libs/uvm-1.1b/src/reg/uvm_reg.svh ...
Done /home/george.matei/git/dvt.main/ro.amiq.dvt.predefined_projects/libs/uvm-1.1b/src/reg/uvm_reg.svh [59 ms, 3097 lines, SystemVerilog_2012] ...
Loading (119) /home/george.matei/git/dvt.main/ro.amiq.dvt.predefined_projects/libs/uvm-1.1b/src/reg/uvm_reg_indirect.svh ...
Done /home/george.matei/git/dvt.main/ro.amiq.dvt.predefined_projects/libs/uvm-1.1b/src/reg/uvm_reg_indirect.svh [8 ms, 330 lines, SystemVerilog_2012] ...
Loading (120) /home/george.matei/git/dvt.main/ro.amiq.dvt.predefined_projects/libs/uvm-1.1b/src/reg/uvm_reg_fifo.svh ...
Done /home/george.matei/git/dvt.main/ro.amiq.dvt.predefined_projects/libs/uvm-1.1b/src/reg/uvm_reg_fifo.svh [3 ms, 311 lines, SystemVerilog_2012] ...
Loading (121) /home/george.matei/git/dvt.main/ro.amiq.dvt.predefined_projects/libs/uvm-1.1b/src/reg/uvm_reg_file.svh ...
Done /home/george.matei/git/dvt.main/ro.amiq.dvt.predefined_projects/libs/uvm-1.1b/src/reg/uvm_reg_file.svh [7 ms, 499 lines, SystemVerilog_2012] ...
Loading (122) /home/george.matei/git/dvt.main/ro.amiq.dvt.predefined_projects/libs/uvm-1.1b/src/reg/uvm_mem_mam.svh ...
Done /home/george.matei/git/dvt.main/ro.amiq.dvt.predefined_projects/libs/uvm-1.1b/src/reg/uvm_mem_mam.svh [12 ms, 1018 lines, SystemVerilog_2012] ...
Loading (123) /home/george.matei/git/dvt.main/ro.amiq.dvt.predefined_projects/libs/uvm-1.1b/src/reg/uvm_vreg.svh ...
Done /home/george.matei/git/dvt.main/ro.amiq.dvt.predefined_projects/libs/uvm-1.1b/src/reg/uvm_vreg.svh [30 ms, 1550 lines, SystemVerilog_2012] ...
Loading (124) /home/george.matei/git/dvt.main/ro.amiq.dvt.predefined_projects/libs/uvm-1.1b/src/reg/uvm_mem.svh ...
Done /home/george.matei/git/dvt.main/ro.amiq.dvt.predefined_projects/libs/uvm-1.1b/src/reg/uvm_mem.svh [48 ms, 2409 lines, SystemVerilog_2012] ...
Loading (125) /home/george.matei/git/dvt.main/ro.amiq.dvt.predefined_projects/libs/uvm-1.1b/src/reg/uvm_reg_map.svh ...
Done /home/george.matei/git/dvt.main/ro.amiq.dvt.predefined_projects/libs/uvm-1.1b/src/reg/uvm_reg_map.svh [57 ms, 2163 lines, SystemVerilog_2012] ...
Loading (126) /home/george.matei/git/dvt.main/ro.amiq.dvt.predefined_projects/libs/uvm-1.1b/src/reg/uvm_reg_block.svh ...
Done /home/george.matei/git/dvt.main/ro.amiq.dvt.predefined_projects/libs/uvm-1.1b/src/reg/uvm_reg_block.svh [39 ms, 2272 lines, SystemVerilog_2012] ...
Loading (127) /home/george.matei/git/dvt.main/ro.amiq.dvt.predefined_projects/libs/uvm-1.1b/src/reg/sequences/uvm_reg_hw_reset_seq.svh ...
Done /home/george.matei/git/dvt.main/ro.amiq.dvt.predefined_projects/libs/uvm-1.1b/src/reg/sequences/uvm_reg_hw_reset_seq.svh [3 ms, 146 lines, SystemVerilog_2012] ...
Loading (128) /home/george.matei/git/dvt.main/ro.amiq.dvt.predefined_projects/libs/uvm-1.1b/src/reg/sequences/uvm_reg_bit_bash_seq.svh ...
Done /home/george.matei/git/dvt.main/ro.amiq.dvt.predefined_projects/libs/uvm-1.1b/src/reg/sequences/uvm_reg_bit_bash_seq.svh [9 ms, 301 lines, SystemVerilog_2012] ...
Loading (129) /home/george.matei/git/dvt.main/ro.amiq.dvt.predefined_projects/libs/uvm-1.1b/src/reg/sequences/uvm_mem_walk_seq.svh ...
Done /home/george.matei/git/dvt.main/ro.amiq.dvt.predefined_projects/libs/uvm-1.1b/src/reg/sequences/uvm_mem_walk_seq.svh [9 ms, 300 lines, SystemVerilog_2012] ...
Loading (130) /home/george.matei/git/dvt.main/ro.amiq.dvt.predefined_projects/libs/uvm-1.1b/src/reg/sequences/uvm_mem_access_seq.svh ...
Done /home/george.matei/git/dvt.main/ro.amiq.dvt.predefined_projects/libs/uvm-1.1b/src/reg/sequences/uvm_mem_access_seq.svh [9 ms, 308 lines, SystemVerilog_2012] ...
Loading (131) /home/george.matei/git/dvt.main/ro.amiq.dvt.predefined_projects/libs/uvm-1.1b/src/reg/sequences/uvm_reg_access_seq.svh ...
Done /home/george.matei/git/dvt.main/ro.amiq.dvt.predefined_projects/libs/uvm-1.1b/src/reg/sequences/uvm_reg_access_seq.svh [13 ms, 361 lines, SystemVerilog_2012] ...
Loading (132) /home/george.matei/git/dvt.main/ro.amiq.dvt.predefined_projects/libs/uvm-1.1b/src/reg/sequences/uvm_reg_mem_shared_access_seq.svh ...
Done /home/george.matei/git/dvt.main/ro.amiq.dvt.predefined_projects/libs/uvm-1.1b/src/reg/sequences/uvm_reg_mem_shared_access_seq.svh [16 ms, 486 lines, SystemVerilog_2012] ...
Loading (133) /home/george.matei/git/dvt.main/ro.amiq.dvt.predefined_projects/libs/uvm-1.1b/src/reg/sequences/uvm_reg_mem_built_in_seq.svh ...
Done /home/george.matei/git/dvt.main/ro.amiq.dvt.predefined_projects/libs/uvm-1.1b/src/reg/sequences/uvm_reg_mem_built_in_seq.svh [5 ms, 139 lines, SystemVerilog_2012] ...
Loading (134) /home/george.matei/git/dvt.main/ro.amiq.dvt.predefined_projects/libs/uvm-1.1b/src/reg/sequences/uvm_reg_mem_hdl_paths_seq.svh ...
Done /home/george.matei/git/dvt.main/ro.amiq.dvt.predefined_projects/libs/uvm-1.1b/src/reg/sequences/uvm_reg_mem_hdl_paths_seq.svh [13 ms, 175 lines, SystemVerilog_2012] ...
Done /home/george.matei/git/dvt.main/ro.amiq.dvt.predefined_projects/libs/uvm-1.1b/src/reg/uvm_reg_model.svh [0 ms, 445 lines, SystemVerilog_2012] ...
Done /home/george.matei/git/dvt.main/ro.amiq.dvt.predefined_projects/libs/uvm-1.1b/src/uvm_pkg.sv [0 ms, 41 lines, SystemVerilog_2012] ...
Loading (135) /home/george.matei/Desktop/my_ref_flow/ref_flow_16/home16/george16.matei16/dvt_predefined_projects_target16/uvm_ref_flow_116.1/designs16/socv16/rtl16/rtl_lpw16/opencores16/spi16/rtl16/spi_defines16.v ...
Done /home/george.matei/Desktop/my_ref_flow/ref_flow_16/home16/george16.matei16/dvt_predefined_projects_target16/uvm_ref_flow_116.1/designs16/socv16/rtl16/rtl_lpw16/opencores16/spi16/rtl16/spi_defines16.v [0 ms, 160 lines, Verilog_2001] ...
Loading (136) /home/george.matei/Desktop/my_ref_flow/ref_flow_16/home16/george16.matei16/dvt_predefined_projects_target16/uvm_ref_flow_116.1/soc_verification_lib16/sv_cb_ex_lib16/apb_subsystem16/sv/gpio_defines16.svh ...
Done /home/george.matei/Desktop/my_ref_flow/ref_flow_16/home16/george16.matei16/dvt_predefined_projects_target16/uvm_ref_flow_116.1/soc_verification_lib16/sv_cb_ex_lib16/apb_subsystem16/sv/gpio_defines16.svh [0 ms, 45 lines, SystemVerilog_2012] ...
Loading (137) /home/george.matei/Desktop/my_ref_flow/ref_flow_16/home16/george16.matei16/dvt_predefined_projects_target16/uvm_ref_flow_116.1/soc_verification_lib16/sv_cb_ex_lib16/apb_subsystem16/sv/spi_defines16.svh ...
Done /home/george.matei/Desktop/my_ref_flow/ref_flow_16/home16/george16.matei16/dvt_predefined_projects_target16/uvm_ref_flow_116.1/soc_verification_lib16/sv_cb_ex_lib16/apb_subsystem16/sv/spi_defines16.svh [0 ms, 43 lines, SystemVerilog_2012] ...
Loading (138) /home/george.matei/Desktop/my_ref_flow/ref_flow_16/home16/george16.matei16/dvt_predefined_projects_target16/uvm_ref_flow_116.1/soc_verification_lib16/sv_cb_ex_lib16/uart_ctrl16/sv/uart_ctrl_defines16.svh ...
Done /home/george.matei/Desktop/my_ref_flow/ref_flow_16/home16/george16.matei16/dvt_predefined_projects_target16/uvm_ref_flow_116.1/soc_verification_lib16/sv_cb_ex_lib16/uart_ctrl16/sv/uart_ctrl_defines16.svh [0 ms, 47 lines, SystemVerilog_2012] ...
Loading (139) /home/george.matei/Desktop/my_ref_flow/ref_flow_16/home16/george16.matei16/dvt_predefined_projects_target16/uvm_ref_flow_116.1/soc_verification_lib16/sv_cb_ex_lib16/apb_subsystem16/sv/apb_subsystem_defines16.svh ...
Done /home/george.matei/Desktop/my_ref_flow/ref_flow_16/home16/george16.matei16/dvt_predefined_projects_target16/uvm_ref_flow_116.1/soc_verification_lib16/sv_cb_ex_lib16/apb_subsystem16/sv/apb_subsystem_defines16.svh [0 ms, 41 lines, SystemVerilog_2012] ...
Loading (140) /home/george.matei/Desktop/my_ref_flow/ref_flow_16/home16/george16.matei16/dvt_predefined_projects_target16/uvm_ref_flow_116.1/soc_verification_lib16/sv_cb_ex_lib16/interface_uvc_lib16/ahb16/sv/ahb_pkg16.sv ...
Skip (optimized) /home/george.matei/git/dvt.main/ro.amiq.dvt.predefined_projects/libs/uvm-1.1b/src/uvm_macros.svh ...
Loading (141) /home/george.matei/Desktop/my_ref_flow/ref_flow_16/home16/george16.matei16/dvt_predefined_projects_target16/uvm_ref_flow_116.1/soc_verification_lib16/sv_cb_ex_lib16/interface_uvc_lib16/ahb16/sv/ahb_defines16.sv ...
Done /home/george.matei/Desktop/my_ref_flow/ref_flow_16/home16/george16.matei16/dvt_predefined_projects_target16/uvm_ref_flow_116.1/soc_verification_lib16/sv_cb_ex_lib16/interface_uvc_lib16/ahb16/sv/ahb_defines16.sv [1 ms, 12 lines, SystemVerilog_2012] ...
Loading (142) /home/george.matei/Desktop/my_ref_flow/ref_flow_16/home16/george16.matei16/dvt_predefined_projects_target16/uvm_ref_flow_116.1/soc_verification_lib16/sv_cb_ex_lib16/interface_uvc_lib16/ahb16/sv/ahb_transfer16.sv ...
Done /home/george.matei/Desktop/my_ref_flow/ref_flow_16/home16/george16.matei16/dvt_predefined_projects_target16/uvm_ref_flow_116.1/soc_verification_lib16/sv_cb_ex_lib16/interface_uvc_lib16/ahb16/sv/ahb_transfer16.sv [16 ms, 118 lines, SystemVerilog_2012] ...
Loading (143) /home/george.matei/Desktop/my_ref_flow/ref_flow_16/home16/george16.matei16/dvt_predefined_projects_target16/uvm_ref_flow_116.1/soc_verification_lib16/sv_cb_ex_lib16/interface_uvc_lib16/ahb16/sv/ahb_master_monitor16.sv ...
Done /home/george.matei/Desktop/my_ref_flow/ref_flow_16/home16/george16.matei16/dvt_predefined_projects_target16/uvm_ref_flow_116.1/soc_verification_lib16/sv_cb_ex_lib16/interface_uvc_lib16/ahb16/sv/ahb_master_monitor16.sv [9 ms, 179 lines, SystemVerilog_2012] ...
Loading (144) /home/george.matei/Desktop/my_ref_flow/ref_flow_16/home16/george16.matei16/dvt_predefined_projects_target16/uvm_ref_flow_116.1/soc_verification_lib16/sv_cb_ex_lib16/interface_uvc_lib16/ahb16/sv/ahb_master_sequencer16.sv ...
Done /home/george.matei/Desktop/my_ref_flow/ref_flow_16/home16/george16.matei16/dvt_predefined_projects_target16/uvm_ref_flow_116.1/soc_verification_lib16/sv_cb_ex_lib16/interface_uvc_lib16/ahb16/sv/ahb_master_sequencer16.sv [1 ms, 59 lines, SystemVerilog_2012] ...
Loading (145) /home/george.matei/Desktop/my_ref_flow/ref_flow_16/home16/george16.matei16/dvt_predefined_projects_target16/uvm_ref_flow_116.1/soc_verification_lib16/sv_cb_ex_lib16/interface_uvc_lib16/ahb16/sv/ahb_master_driver16.sv ...
Done /home/george.matei/Desktop/my_ref_flow/ref_flow_16/home16/george16.matei16/dvt_predefined_projects_target16/uvm_ref_flow_116.1/soc_verification_lib16/sv_cb_ex_lib16/interface_uvc_lib16/ahb16/sv/ahb_master_driver16.sv [3 ms, 140 lines, SystemVerilog_2012] ...
Loading (146) /home/george.matei/Desktop/my_ref_flow/ref_flow_16/home16/george16.matei16/dvt_predefined_projects_target16/uvm_ref_flow_116.1/soc_verification_lib16/sv_cb_ex_lib16/interface_uvc_lib16/ahb16/sv/ahb_master_agent16.sv ...
Done /home/george.matei/Desktop/my_ref_flow/ref_flow_16/home16/george16.matei16/dvt_predefined_projects_target16/uvm_ref_flow_116.1/soc_verification_lib16/sv_cb_ex_lib16/interface_uvc_lib16/ahb16/sv/ahb_master_agent16.sv [4 ms, 90 lines, SystemVerilog_2012] ...
Loading (147) /home/george.matei/Desktop/my_ref_flow/ref_flow_16/home16/george16.matei16/dvt_predefined_projects_target16/uvm_ref_flow_116.1/soc_verification_lib16/sv_cb_ex_lib16/interface_uvc_lib16/ahb16/sv/ahb_slave_monitor16.sv ...
Done /home/george.matei/Desktop/my_ref_flow/ref_flow_16/home16/george16.matei16/dvt_predefined_projects_target16/uvm_ref_flow_116.1/soc_verification_lib16/sv_cb_ex_lib16/interface_uvc_lib16/ahb16/sv/ahb_slave_monitor16.sv [9 ms, 167 lines, SystemVerilog_2012] ...
Loading (148) /home/george.matei/Desktop/my_ref_flow/ref_flow_16/home16/george16.matei16/dvt_predefined_projects_target16/uvm_ref_flow_116.1/soc_verification_lib16/sv_cb_ex_lib16/interface_uvc_lib16/ahb16/sv/ahb_slave_sequencer16.sv ...
Done /home/george.matei/Desktop/my_ref_flow/ref_flow_16/home16/george16.matei16/dvt_predefined_projects_target16/uvm_ref_flow_116.1/soc_verification_lib16/sv_cb_ex_lib16/interface_uvc_lib16/ahb16/sv/ahb_slave_sequencer16.sv [1 ms, 56 lines, SystemVerilog_2012] ...
Loading (149) /home/george.matei/Desktop/my_ref_flow/ref_flow_16/home16/george16.matei16/dvt_predefined_projects_target16/uvm_ref_flow_116.1/soc_verification_lib16/sv_cb_ex_lib16/interface_uvc_lib16/ahb16/sv/ahb_slave_driver16.sv ...
Done /home/george.matei/Desktop/my_ref_flow/ref_flow_16/home16/george16.matei16/dvt_predefined_projects_target16/uvm_ref_flow_116.1/soc_verification_lib16/sv_cb_ex_lib16/interface_uvc_lib16/ahb16/sv/ahb_slave_driver16.sv [2 ms, 132 lines, SystemVerilog_2012] ...
Loading (150) /home/george.matei/Desktop/my_ref_flow/ref_flow_16/home16/george16.matei16/dvt_predefined_projects_target16/uvm_ref_flow_116.1/soc_verification_lib16/sv_cb_ex_lib16/interface_uvc_lib16/ahb16/sv/ahb_slave_agent16.sv ...
Done /home/george.matei/Desktop/my_ref_flow/ref_flow_16/home16/george16.matei16/dvt_predefined_projects_target16/uvm_ref_flow_116.1/soc_verification_lib16/sv_cb_ex_lib16/interface_uvc_lib16/ahb16/sv/ahb_slave_agent16.sv [4 ms, 90 lines, SystemVerilog_2012] ...
Loading (151) /home/george.matei/Desktop/my_ref_flow/ref_flow_16/home16/george16.matei16/dvt_predefined_projects_target16/uvm_ref_flow_116.1/soc_verification_lib16/sv_cb_ex_lib16/interface_uvc_lib16/ahb16/sv/ahb_env16.sv ...
Done /home/george.matei/Desktop/my_ref_flow/ref_flow_16/home16/george16.matei16/dvt_predefined_projects_target16/uvm_ref_flow_116.1/soc_verification_lib16/sv_cb_ex_lib16/interface_uvc_lib16/ahb16/sv/ahb_env16.sv [7 ms, 104 lines, SystemVerilog_2012] ...
Loading (152) /home/george.matei/Desktop/my_ref_flow/ref_flow_16/home16/george16.matei16/dvt_predefined_projects_target16/uvm_ref_flow_116.1/soc_verification_lib16/sv_cb_ex_lib16/interface_uvc_lib16/ahb16/sv/reg_to_ahb_adapter16.sv ...
Done /home/george.matei/Desktop/my_ref_flow/ref_flow_16/home16/george16.matei16/dvt_predefined_projects_target16/uvm_ref_flow_116.1/soc_verification_lib16/sv_cb_ex_lib16/interface_uvc_lib16/ahb16/sv/reg_to_ahb_adapter16.sv [3 ms, 60 lines, SystemVerilog_2012] ...
Done /home/george.matei/Desktop/my_ref_flow/ref_flow_16/home16/george16.matei16/dvt_predefined_projects_target16/uvm_ref_flow_116.1/soc_verification_lib16/sv_cb_ex_lib16/interface_uvc_lib16/ahb16/sv/ahb_pkg16.sv [0 ms, 58 lines, SystemVerilog_2012] ...
Loading (153) /home/george.matei/Desktop/my_ref_flow/ref_flow_16/home16/george16.matei16/dvt_predefined_projects_target16/uvm_ref_flow_116.1/soc_verification_lib16/sv_cb_ex_lib16/interface_uvc_lib16/apb16/sv/apb_pkg16.sv ...
Skip (optimized) /home/george.matei/git/dvt.main/ro.amiq.dvt.predefined_projects/libs/uvm-1.1b/src/uvm_macros.svh ...
Loading (154) /home/george.matei/Desktop/my_ref_flow/ref_flow_16/home16/george16.matei16/dvt_predefined_projects_target16/uvm_ref_flow_116.1/soc_verification_lib16/sv_cb_ex_lib16/interface_uvc_lib16/apb16/sv/apb_config16.sv ...
Done /home/george.matei/Desktop/my_ref_flow/ref_flow_16/home16/george16.matei16/dvt_predefined_projects_target16/uvm_ref_flow_116.1/soc_verification_lib16/sv_cb_ex_lib16/interface_uvc_lib16/apb16/sv/apb_config16.sv [55 ms, 161 lines, SystemVerilog_2012] ...
Loading (155) /home/george.matei/Desktop/my_ref_flow/ref_flow_16/home16/george16.matei16/dvt_predefined_projects_target16/uvm_ref_flow_116.1/soc_verification_lib16/sv_cb_ex_lib16/interface_uvc_lib16/apb16/sv/apb_types16.sv ...
Done /home/george.matei/Desktop/my_ref_flow/ref_flow_16/home16/george16.matei16/dvt_predefined_projects_target16/uvm_ref_flow_116.1/soc_verification_lib16/sv_cb_ex_lib16/interface_uvc_lib16/apb16/sv/apb_types16.sv [0 ms, 32 lines, SystemVerilog_2012] ...
Loading (156) /home/george.matei/Desktop/my_ref_flow/ref_flow_16/home16/george16.matei16/dvt_predefined_projects_target16/uvm_ref_flow_116.1/soc_verification_lib16/sv_cb_ex_lib16/interface_uvc_lib16/apb16/sv/apb_transfer16.sv ...
Done /home/george.matei/Desktop/my_ref_flow/ref_flow_16/home16/george16.matei16/dvt_predefined_projects_target16/uvm_ref_flow_116.1/soc_verification_lib16/sv_cb_ex_lib16/interface_uvc_lib16/apb16/sv/apb_transfer16.sv [17 ms, 59 lines, SystemVerilog_2012] ...
Loading (157) /home/george.matei/Desktop/my_ref_flow/ref_flow_16/home16/george16.matei16/dvt_predefined_projects_target16/uvm_ref_flow_116.1/soc_verification_lib16/sv_cb_ex_lib16/interface_uvc_lib16/apb16/sv/apb_monitor16.sv ...
Done /home/george.matei/Desktop/my_ref_flow/ref_flow_16/home16/george16.matei16/dvt_predefined_projects_target16/uvm_ref_flow_116.1/soc_verification_lib16/sv_cb_ex_lib16/interface_uvc_lib16/apb16/sv/apb_monitor16.sv [15 ms, 169 lines, SystemVerilog_2012] ...
Loading (158) /home/george.matei/Desktop/my_ref_flow/ref_flow_16/home16/george16.matei16/dvt_predefined_projects_target16/uvm_ref_flow_116.1/soc_verification_lib16/sv_cb_ex_lib16/interface_uvc_lib16/apb16/sv/apb_collector16.sv ...
Done /home/george.matei/Desktop/my_ref_flow/ref_flow_16/home16/george16.matei16/dvt_predefined_projects_target16/uvm_ref_flow_116.1/soc_verification_lib16/sv_cb_ex_lib16/interface_uvc_lib16/apb16/sv/apb_collector16.sv [15 ms, 158 lines, SystemVerilog_2012] ...
Loading (159) /home/george.matei/Desktop/my_ref_flow/ref_flow_16/home16/george16.matei16/dvt_predefined_projects_target16/uvm_ref_flow_116.1/soc_verification_lib16/sv_cb_ex_lib16/interface_uvc_lib16/apb16/sv/apb_master_driver16.sv ...
Done /home/george.matei/Desktop/my_ref_flow/ref_flow_16/home16/george16.matei16/dvt_predefined_projects_target16/uvm_ref_flow_116.1/soc_verification_lib16/sv_cb_ex_lib16/interface_uvc_lib16/apb16/sv/apb_master_driver16.sv [7 ms, 165 lines, SystemVerilog_2012] ...
Loading (160) /home/george.matei/Desktop/my_ref_flow/ref_flow_16/home16/george16.matei16/dvt_predefined_projects_target16/uvm_ref_flow_116.1/soc_verification_lib16/sv_cb_ex_lib16/interface_uvc_lib16/apb16/sv/apb_master_sequencer16.sv ...
Done /home/george.matei/Desktop/my_ref_flow/ref_flow_16/home16/george16.matei16/dvt_predefined_projects_target16/uvm_ref_flow_116.1/soc_verification_lib16/sv_cb_ex_lib16/interface_uvc_lib16/apb16/sv/apb_master_sequencer16.sv [5 ms, 58 lines, SystemVerilog_2012] ...
Loading (161) /home/george.matei/Desktop/my_ref_flow/ref_flow_16/home16/george16.matei16/dvt_predefined_projects_target16/uvm_ref_flow_116.1/soc_verification_lib16/sv_cb_ex_lib16/interface_uvc_lib16/apb16/sv/apb_master_agent16.sv ...
Done /home/george.matei/Desktop/my_ref_flow/ref_flow_16/home16/george16.matei16/dvt_predefined_projects_target16/uvm_ref_flow_116.1/soc_verification_lib16/sv_cb_ex_lib16/interface_uvc_lib16/apb16/sv/apb_master_agent16.sv [14 ms, 99 lines, SystemVerilog_2012] ...
Loading (162) /home/george.matei/Desktop/my_ref_flow/ref_flow_16/home16/george16.matei16/dvt_predefined_projects_target16/uvm_ref_flow_116.1/soc_verification_lib16/sv_cb_ex_lib16/interface_uvc_lib16/apb16/sv/apb_slave_driver16.sv ...
Done /home/george.matei/Desktop/my_ref_flow/ref_flow_16/home16/george16.matei16/dvt_predefined_projects_target16/uvm_ref_flow_116.1/soc_verification_lib16/sv_cb_ex_lib16/interface_uvc_lib16/apb16/sv/apb_slave_driver16.sv [2 ms, 104 lines, SystemVerilog_2012] ...
Loading (163) /home/george.matei/Desktop/my_ref_flow/ref_flow_16/home16/george16.matei16/dvt_predefined_projects_target16/uvm_ref_flow_116.1/soc_verification_lib16/sv_cb_ex_lib16/interface_uvc_lib16/apb16/sv/apb_slave_sequencer16.sv ...
Done /home/george.matei/Desktop/my_ref_flow/ref_flow_16/home16/george16.matei16/dvt_predefined_projects_target16/uvm_ref_flow_116.1/soc_verification_lib16/sv_cb_ex_lib16/interface_uvc_lib16/apb16/sv/apb_slave_sequencer16.sv [5 ms, 58 lines, SystemVerilog_2012] ...
Loading (164) /home/george.matei/Desktop/my_ref_flow/ref_flow_16/home16/george16.matei16/dvt_predefined_projects_target16/uvm_ref_flow_116.1/soc_verification_lib16/sv_cb_ex_lib16/interface_uvc_lib16/apb16/sv/apb_slave_agent16.sv ...
Done /home/george.matei/Desktop/my_ref_flow/ref_flow_16/home16/george16.matei16/dvt_predefined_projects_target16/uvm_ref_flow_116.1/soc_verification_lib16/sv_cb_ex_lib16/interface_uvc_lib16/apb16/sv/apb_slave_agent16.sv [15 ms, 108 lines, SystemVerilog_2012] ...
Loading (165) /home/george.matei/Desktop/my_ref_flow/ref_flow_16/home16/george16.matei16/dvt_predefined_projects_target16/uvm_ref_flow_116.1/soc_verification_lib16/sv_cb_ex_lib16/interface_uvc_lib16/apb16/sv/apb_master_seq_lib16.sv ...
Done /home/george.matei/Desktop/my_ref_flow/ref_flow_16/home16/george16.matei16/dvt_predefined_projects_target16/uvm_ref_flow_116.1/soc_verification_lib16/sv_cb_ex_lib16/interface_uvc_lib16/apb16/sv/apb_master_seq_lib16.sv [22 ms, 227 lines, SystemVerilog_2012] ...
Loading (166) /home/george.matei/Desktop/my_ref_flow/ref_flow_16/home16/george16.matei16/dvt_predefined_projects_target16/uvm_ref_flow_116.1/soc_verification_lib16/sv_cb_ex_lib16/interface_uvc_lib16/apb16/sv/apb_slave_seq_lib16.sv ...
Done /home/george.matei/Desktop/my_ref_flow/ref_flow_16/home16/george16.matei16/dvt_predefined_projects_target16/uvm_ref_flow_116.1/soc_verification_lib16/sv_cb_ex_lib16/interface_uvc_lib16/apb16/sv/apb_slave_seq_lib16.sv [9 ms, 110 lines, SystemVerilog_2012] ...
Loading (167) /home/george.matei/Desktop/my_ref_flow/ref_flow_16/home16/george16.matei16/dvt_predefined_projects_target16/uvm_ref_flow_116.1/soc_verification_lib16/sv_cb_ex_lib16/interface_uvc_lib16/apb16/sv/apb_env16.sv ...
Done /home/george.matei/Desktop/my_ref_flow/ref_flow_16/home16/george16.matei16/dvt_predefined_projects_target16/uvm_ref_flow_116.1/soc_verification_lib16/sv_cb_ex_lib16/interface_uvc_lib16/apb16/sv/apb_env16.sv [14 ms, 154 lines, SystemVerilog_2012] ...
Loading (168) /home/george.matei/Desktop/my_ref_flow/ref_flow_16/home16/george16.matei16/dvt_predefined_projects_target16/uvm_ref_flow_116.1/soc_verification_lib16/sv_cb_ex_lib16/interface_uvc_lib16/apb16/sv/reg_to_apb_adapter16.sv ...
Done /home/george.matei/Desktop/my_ref_flow/ref_flow_16/home16/george16.matei16/dvt_predefined_projects_target16/uvm_ref_flow_116.1/soc_verification_lib16/sv_cb_ex_lib16/interface_uvc_lib16/apb16/sv/reg_to_apb_adapter16.sv [3 ms, 61 lines, SystemVerilog_2012] ...
Done /home/george.matei/Desktop/my_ref_flow/ref_flow_16/home16/george16.matei16/dvt_predefined_projects_target16/uvm_ref_flow_116.1/soc_verification_lib16/sv_cb_ex_lib16/interface_uvc_lib16/apb16/sv/apb_pkg16.sv [0 ms, 61 lines, SystemVerilog_2012] ...
Loading (169) /home/george.matei/Desktop/my_ref_flow/ref_flow_16/home16/george16.matei16/dvt_predefined_projects_target16/uvm_ref_flow_116.1/soc_verification_lib16/sv_cb_ex_lib16/interface_uvc_lib16/uart16/sv/uart_pkg16.sv ...
Skip (optimized) /home/george.matei/git/dvt.main/ro.amiq.dvt.predefined_projects/libs/uvm-1.1b/src/uvm_macros.svh ...
Loading (170) /home/george.matei/Desktop/my_ref_flow/ref_flow_16/home16/george16.matei16/dvt_predefined_projects_target16/uvm_ref_flow_116.1/soc_verification_lib16/sv_cb_ex_lib16/interface_uvc_lib16/uart16/sv/uart_config16.sv ...
Done /home/george.matei/Desktop/my_ref_flow/ref_flow_16/home16/george16.matei16/dvt_predefined_projects_target16/uvm_ref_flow_116.1/soc_verification_lib16/sv_cb_ex_lib16/interface_uvc_lib16/uart16/sv/uart_config16.sv [22 ms, 112 lines, SystemVerilog_2012] ...
Loading (171) /home/george.matei/Desktop/my_ref_flow/ref_flow_16/home16/george16.matei16/dvt_predefined_projects_target16/uvm_ref_flow_116.1/soc_verification_lib16/sv_cb_ex_lib16/interface_uvc_lib16/uart16/sv/uart_frame16.sv ...
Done /home/george.matei/Desktop/my_ref_flow/ref_flow_16/home16/george16.matei16/dvt_predefined_projects_target16/uvm_ref_flow_116.1/soc_verification_lib16/sv_cb_ex_lib16/interface_uvc_lib16/uart16/sv/uart_frame16.sv [22 ms, 104 lines, SystemVerilog_2012] ...
Loading (172) /home/george.matei/Desktop/my_ref_flow/ref_flow_16/home16/george16.matei16/dvt_predefined_projects_target16/uvm_ref_flow_116.1/soc_verification_lib16/sv_cb_ex_lib16/interface_uvc_lib16/uart16/sv/uart_monitor16.sv ...
Done /home/george.matei/Desktop/my_ref_flow/ref_flow_16/home16/george16.matei16/dvt_predefined_projects_target16/uvm_ref_flow_116.1/soc_verification_lib16/sv_cb_ex_lib16/interface_uvc_lib16/uart16/sv/uart_monitor16.sv [20 ms, 248 lines, SystemVerilog_2012] ...
Loading (173) /home/george.matei/Desktop/my_ref_flow/ref_flow_16/home16/george16.matei16/dvt_predefined_projects_target16/uvm_ref_flow_116.1/soc_verification_lib16/sv_cb_ex_lib16/interface_uvc_lib16/uart16/sv/uart_rx_monitor16.sv ...
Done /home/george.matei/Desktop/my_ref_flow/ref_flow_16/home16/george16.matei16/dvt_predefined_projects_target16/uvm_ref_flow_116.1/soc_verification_lib16/sv_cb_ex_lib16/interface_uvc_lib16/uart16/sv/uart_rx_monitor16.sv [7 ms, 105 lines, SystemVerilog_2012] ...
Loading (174) /home/george.matei/Desktop/my_ref_flow/ref_flow_16/home16/george16.matei16/dvt_predefined_projects_target16/uvm_ref_flow_116.1/soc_verification_lib16/sv_cb_ex_lib16/interface_uvc_lib16/uart16/sv/uart_tx_monitor16.sv ...
Done /home/george.matei/Desktop/my_ref_flow/ref_flow_16/home16/george16.matei16/dvt_predefined_projects_target16/uvm_ref_flow_116.1/soc_verification_lib16/sv_cb_ex_lib16/interface_uvc_lib16/uart16/sv/uart_tx_monitor16.sv [6 ms, 104 lines, SystemVerilog_2012] ...
Loading (175) /home/george.matei/Desktop/my_ref_flow/ref_flow_16/home16/george16.matei16/dvt_predefined_projects_target16/uvm_ref_flow_116.1/soc_verification_lib16/sv_cb_ex_lib16/interface_uvc_lib16/uart16/sv/uart_sequencer16.sv ...
Done /home/george.matei/Desktop/my_ref_flow/ref_flow_16/home16/george16.matei16/dvt_predefined_projects_target16/uvm_ref_flow_116.1/soc_verification_lib16/sv_cb_ex_lib16/interface_uvc_lib16/uart16/sv/uart_sequencer16.sv [5 ms, 56 lines, SystemVerilog_2012] ...
Loading (176) /home/george.matei/Desktop/my_ref_flow/ref_flow_16/home16/george16.matei16/dvt_predefined_projects_target16/uvm_ref_flow_116.1/soc_verification_lib16/sv_cb_ex_lib16/interface_uvc_lib16/uart16/sv/uart_tx_driver16.sv ...
Done /home/george.matei/Desktop/my_ref_flow/ref_flow_16/home16/george16.matei16/dvt_predefined_projects_target16/uvm_ref_flow_116.1/soc_verification_lib16/sv_cb_ex_lib16/interface_uvc_lib16/uart16/sv/uart_tx_driver16.sv [22 ms, 234 lines, SystemVerilog_2012] ...
Loading (177) /home/george.matei/Desktop/my_ref_flow/ref_flow_16/home16/george16.matei16/dvt_predefined_projects_target16/uvm_ref_flow_116.1/soc_verification_lib16/sv_cb_ex_lib16/interface_uvc_lib16/uart16/sv/uart_rx_driver16.sv ...
Done /home/george.matei/Desktop/my_ref_flow/ref_flow_16/home16/george16.matei16/dvt_predefined_projects_target16/uvm_ref_flow_116.1/soc_verification_lib16/sv_cb_ex_lib16/interface_uvc_lib16/uart16/sv/uart_rx_driver16.sv [15 ms, 231 lines, SystemVerilog_2012] ...
Loading (178) /home/george.matei/Desktop/my_ref_flow/ref_flow_16/home16/george16.matei16/dvt_predefined_projects_target16/uvm_ref_flow_116.1/soc_verification_lib16/sv_cb_ex_lib16/interface_uvc_lib16/uart16/sv/uart_tx_agent16.sv ...
Done /home/george.matei/Desktop/my_ref_flow/ref_flow_16/home16/george16.matei16/dvt_predefined_projects_target16/uvm_ref_flow_116.1/soc_verification_lib16/sv_cb_ex_lib16/interface_uvc_lib16/uart16/sv/uart_tx_agent16.sv [8 ms, 97 lines, SystemVerilog_2012] ...
Loading (179) /home/george.matei/Desktop/my_ref_flow/ref_flow_16/home16/george16.matei16/dvt_predefined_projects_target16/uvm_ref_flow_116.1/soc_verification_lib16/sv_cb_ex_lib16/interface_uvc_lib16/uart16/sv/uart_rx_agent16.sv ...
Done /home/george.matei/Desktop/my_ref_flow/ref_flow_16/home16/george16.matei16/dvt_predefined_projects_target16/uvm_ref_flow_116.1/soc_verification_lib16/sv_cb_ex_lib16/interface_uvc_lib16/uart16/sv/uart_rx_agent16.sv [8 ms, 98 lines, SystemVerilog_2012] ...
Loading (180) /home/george.matei/Desktop/my_ref_flow/ref_flow_16/home16/george16.matei16/dvt_predefined_projects_target16/uvm_ref_flow_116.1/soc_verification_lib16/sv_cb_ex_lib16/interface_uvc_lib16/uart16/sv/uart_env16.sv ...
Done /home/george.matei/Desktop/my_ref_flow/ref_flow_16/home16/george16.matei16/dvt_predefined_projects_target16/uvm_ref_flow_116.1/soc_verification_lib16/sv_cb_ex_lib16/interface_uvc_lib16/uart16/sv/uart_env16.sv [13 ms, 132 lines, SystemVerilog_2012] ...
Loading (181) /home/george.matei/Desktop/my_ref_flow/ref_flow_16/home16/george16.matei16/dvt_predefined_projects_target16/uvm_ref_flow_116.1/soc_verification_lib16/sv_cb_ex_lib16/interface_uvc_lib16/uart16/sv/uart_seq_lib16.sv ...
Done /home/george.matei/Desktop/my_ref_flow/ref_flow_16/home16/george16.matei16/dvt_predefined_projects_target16/uvm_ref_flow_116.1/soc_verification_lib16/sv_cb_ex_lib16/interface_uvc_lib16/uart16/sv/uart_seq_lib16.sv [16 ms, 172 lines, SystemVerilog_2012] ...
Done /home/george.matei/Desktop/my_ref_flow/ref_flow_16/home16/george16.matei16/dvt_predefined_projects_target16/uvm_ref_flow_116.1/soc_verification_lib16/sv_cb_ex_lib16/interface_uvc_lib16/uart16/sv/uart_pkg16.sv [0 ms, 53 lines, SystemVerilog_2012] ...
Loading (182) /home/george.matei/Desktop/my_ref_flow/ref_flow_16/home16/george16.matei16/dvt_predefined_projects_target16/uvm_ref_flow_116.1/soc_verification_lib16/sv_cb_ex_lib16/interface_uvc_lib16/gpio16/sv/gpio_pkg16.sv ...
Skip (optimized) /home/george.matei/git/dvt.main/ro.amiq.dvt.predefined_projects/libs/uvm-1.1b/src/uvm_macros.svh ...
Loading (183) /home/george.matei/Desktop/my_ref_flow/ref_flow_16/home16/george16.matei16/dvt_predefined_projects_target16/uvm_ref_flow_116.1/soc_verification_lib16/sv_cb_ex_lib16/interface_uvc_lib16/gpio16/sv/gpio_csr16.sv ...
Done /home/george.matei/Desktop/my_ref_flow/ref_flow_16/home16/george16.matei16/dvt_predefined_projects_target16/uvm_ref_flow_116.1/soc_verification_lib16/sv_cb_ex_lib16/interface_uvc_lib16/gpio16/sv/gpio_csr16.sv [38 ms, 114 lines, SystemVerilog_2012] ...
Loading (184) /home/george.matei/Desktop/my_ref_flow/ref_flow_16/home16/george16.matei16/dvt_predefined_projects_target16/uvm_ref_flow_116.1/soc_verification_lib16/sv_cb_ex_lib16/interface_uvc_lib16/gpio16/sv/gpio_transfer16.sv ...
Done /home/george.matei/Desktop/my_ref_flow/ref_flow_16/home16/george16.matei16/dvt_predefined_projects_target16/uvm_ref_flow_116.1/soc_verification_lib16/sv_cb_ex_lib16/interface_uvc_lib16/gpio16/sv/gpio_transfer16.sv [17 ms, 63 lines, SystemVerilog_2012] ...
Loading (185) /home/george.matei/Desktop/my_ref_flow/ref_flow_16/home16/george16.matei16/dvt_predefined_projects_target16/uvm_ref_flow_116.1/soc_verification_lib16/sv_cb_ex_lib16/interface_uvc_lib16/gpio16/sv/gpio_config16.sv ...
Done /home/george.matei/Desktop/my_ref_flow/ref_flow_16/home16/george16.matei16/dvt_predefined_projects_target16/uvm_ref_flow_116.1/soc_verification_lib16/sv_cb_ex_lib16/interface_uvc_lib16/gpio16/sv/gpio_config16.sv [4 ms, 47 lines, SystemVerilog_2012] ...
Loading (186) /home/george.matei/Desktop/my_ref_flow/ref_flow_16/home16/george16.matei16/dvt_predefined_projects_target16/uvm_ref_flow_116.1/soc_verification_lib16/sv_cb_ex_lib16/interface_uvc_lib16/gpio16/sv/gpio_monitor16.sv ...
Done /home/george.matei/Desktop/my_ref_flow/ref_flow_16/home16/george16.matei16/dvt_predefined_projects_target16/uvm_ref_flow_116.1/soc_verification_lib16/sv_cb_ex_lib16/interface_uvc_lib16/gpio16/sv/gpio_monitor16.sv [13 ms, 130 lines, SystemVerilog_2012] ...
Loading (187) /home/george.matei/Desktop/my_ref_flow/ref_flow_16/home16/george16.matei16/dvt_predefined_projects_target16/uvm_ref_flow_116.1/soc_verification_lib16/sv_cb_ex_lib16/interface_uvc_lib16/gpio16/sv/gpio_sequencer16.sv ...
Done /home/george.matei/Desktop/my_ref_flow/ref_flow_16/home16/george16.matei16/dvt_predefined_projects_target16/uvm_ref_flow_116.1/soc_verification_lib16/sv_cb_ex_lib16/interface_uvc_lib16/gpio16/sv/gpio_sequencer16.sv [1 ms, 44 lines, SystemVerilog_2012] ...
Loading (188) /home/george.matei/Desktop/my_ref_flow/ref_flow_16/home16/george16.matei16/dvt_predefined_projects_target16/uvm_ref_flow_116.1/soc_verification_lib16/sv_cb_ex_lib16/interface_uvc_lib16/gpio16/sv/gpio_driver16.sv ...
Done /home/george.matei/Desktop/my_ref_flow/ref_flow_16/home16/george16.matei16/dvt_predefined_projects_target16/uvm_ref_flow_116.1/soc_verification_lib16/sv_cb_ex_lib16/interface_uvc_lib16/gpio16/sv/gpio_driver16.sv [3 ms, 104 lines, SystemVerilog_2012] ...
Loading (189) /home/george.matei/Desktop/my_ref_flow/ref_flow_16/home16/george16.matei16/dvt_predefined_projects_target16/uvm_ref_flow_116.1/soc_verification_lib16/sv_cb_ex_lib16/interface_uvc_lib16/gpio16/sv/gpio_agent16.sv ...
Done /home/george.matei/Desktop/my_ref_flow/ref_flow_16/home16/george16.matei16/dvt_predefined_projects_target16/uvm_ref_flow_116.1/soc_verification_lib16/sv_cb_ex_lib16/interface_uvc_lib16/gpio16/sv/gpio_agent16.sv [7 ms, 77 lines, SystemVerilog_2012] ...
Loading (190) /home/george.matei/Desktop/my_ref_flow/ref_flow_16/home16/george16.matei16/dvt_predefined_projects_target16/uvm_ref_flow_116.1/soc_verification_lib16/sv_cb_ex_lib16/interface_uvc_lib16/gpio16/sv/gpio_env16.sv ...
Done /home/george.matei/Desktop/my_ref_flow/ref_flow_16/home16/george16.matei16/dvt_predefined_projects_target16/uvm_ref_flow_116.1/soc_verification_lib16/sv_cb_ex_lib16/interface_uvc_lib16/gpio16/sv/gpio_env16.sv [12 ms, 118 lines, SystemVerilog_2012] ...
Loading (191) /home/george.matei/Desktop/my_ref_flow/ref_flow_16/home16/george16.matei16/dvt_predefined_projects_target16/uvm_ref_flow_116.1/soc_verification_lib16/sv_cb_ex_lib16/interface_uvc_lib16/gpio16/sv/gpio_seq_lib16.sv ...
Done /home/george.matei/Desktop/my_ref_flow/ref_flow_16/home16/george16.matei16/dvt_predefined_projects_target16/uvm_ref_flow_116.1/soc_verification_lib16/sv_cb_ex_lib16/interface_uvc_lib16/gpio16/sv/gpio_seq_lib16.sv [7 ms, 76 lines, SystemVerilog_2012] ...
Done /home/george.matei/Desktop/my_ref_flow/ref_flow_16/home16/george16.matei16/dvt_predefined_projects_target16/uvm_ref_flow_116.1/soc_verification_lib16/sv_cb_ex_lib16/interface_uvc_lib16/gpio16/sv/gpio_pkg16.sv [0 ms, 69 lines, SystemVerilog_2012] ...
Loading (192) /home/george.matei/Desktop/my_ref_flow/ref_flow_16/home16/george16.matei16/dvt_predefined_projects_target16/uvm_ref_flow_116.1/soc_verification_lib16/sv_cb_ex_lib16/interface_uvc_lib16/spi16/sv/spi_pkg16.sv ...
Skip (optimized) /home/george.matei/git/dvt.main/ro.amiq.dvt.predefined_projects/libs/uvm-1.1b/src/uvm_macros.svh ...
Loading (193) /home/george.matei/Desktop/my_ref_flow/ref_flow_16/home16/george16.matei16/dvt_predefined_projects_target16/uvm_ref_flow_116.1/soc_verification_lib16/sv_cb_ex_lib16/interface_uvc_lib16/spi16/sv/spi_csr16.sv ...
Done /home/george.matei/Desktop/my_ref_flow/ref_flow_16/home16/george16.matei16/dvt_predefined_projects_target16/uvm_ref_flow_116.1/soc_verification_lib16/sv_cb_ex_lib16/interface_uvc_lib16/spi16/sv/spi_csr16.sv [33 ms, 148 lines, SystemVerilog_2012] ...
Loading (194) /home/george.matei/Desktop/my_ref_flow/ref_flow_16/home16/george16.matei16/dvt_predefined_projects_target16/uvm_ref_flow_116.1/soc_verification_lib16/sv_cb_ex_lib16/interface_uvc_lib16/spi16/sv/spi_transfer16.sv ...
Done /home/george.matei/Desktop/my_ref_flow/ref_flow_16/home16/george16.matei16/dvt_predefined_projects_target16/uvm_ref_flow_116.1/soc_verification_lib16/sv_cb_ex_lib16/interface_uvc_lib16/spi16/sv/spi_transfer16.sv [12 ms, 61 lines, SystemVerilog_2012] ...
Loading (195) /home/george.matei/Desktop/my_ref_flow/ref_flow_16/home16/george16.matei16/dvt_predefined_projects_target16/uvm_ref_flow_116.1/soc_verification_lib16/sv_cb_ex_lib16/interface_uvc_lib16/spi16/sv/spi_config16.sv ...
Done /home/george.matei/Desktop/my_ref_flow/ref_flow_16/home16/george16.matei16/dvt_predefined_projects_target16/uvm_ref_flow_116.1/soc_verification_lib16/sv_cb_ex_lib16/interface_uvc_lib16/spi16/sv/spi_config16.sv [10 ms, 47 lines, SystemVerilog_2012] ...
Loading (196) /home/george.matei/Desktop/my_ref_flow/ref_flow_16/home16/george16.matei16/dvt_predefined_projects_target16/uvm_ref_flow_116.1/soc_verification_lib16/sv_cb_ex_lib16/interface_uvc_lib16/spi16/sv/spi_monitor16.sv ...
Done /home/george.matei/Desktop/my_ref_flow/ref_flow_16/home16/george16.matei16/dvt_predefined_projects_target16/uvm_ref_flow_116.1/soc_verification_lib16/sv_cb_ex_lib16/interface_uvc_lib16/spi16/sv/spi_monitor16.sv [11 ms, 154 lines, SystemVerilog_2012] ...
Loading (197) /home/george.matei/Desktop/my_ref_flow/ref_flow_16/home16/george16.matei16/dvt_predefined_projects_target16/uvm_ref_flow_116.1/soc_verification_lib16/sv_cb_ex_lib16/interface_uvc_lib16/spi16/sv/spi_sequencer16.sv ...
Done /home/george.matei/Desktop/my_ref_flow/ref_flow_16/home16/george16.matei16/dvt_predefined_projects_target16/uvm_ref_flow_116.1/soc_verification_lib16/sv_cb_ex_lib16/interface_uvc_lib16/spi16/sv/spi_sequencer16.sv [0 ms, 44 lines, SystemVerilog_2012] ...
Loading (198) /home/george.matei/Desktop/my_ref_flow/ref_flow_16/home16/george16.matei16/dvt_predefined_projects_target16/uvm_ref_flow_116.1/soc_verification_lib16/sv_cb_ex_lib16/interface_uvc_lib16/spi16/sv/spi_driver16.sv ...
Done /home/george.matei/Desktop/my_ref_flow/ref_flow_16/home16/george16.matei16/dvt_predefined_projects_target16/uvm_ref_flow_116.1/soc_verification_lib16/sv_cb_ex_lib16/interface_uvc_lib16/spi16/sv/spi_driver16.sv [7 ms, 114 lines, SystemVerilog_2012] ...
Loading (199) /home/george.matei/Desktop/my_ref_flow/ref_flow_16/home16/george16.matei16/dvt_predefined_projects_target16/uvm_ref_flow_116.1/soc_verification_lib16/sv_cb_ex_lib16/interface_uvc_lib16/spi16/sv/spi_agent16.sv ...
Done /home/george.matei/Desktop/my_ref_flow/ref_flow_16/home16/george16.matei16/dvt_predefined_projects_target16/uvm_ref_flow_116.1/soc_verification_lib16/sv_cb_ex_lib16/interface_uvc_lib16/spi16/sv/spi_agent16.sv [8 ms, 81 lines, SystemVerilog_2012] ...
Loading (200) /home/george.matei/Desktop/my_ref_flow/ref_flow_16/home16/george16.matei16/dvt_predefined_projects_target16/uvm_ref_flow_116.1/soc_verification_lib16/sv_cb_ex_lib16/interface_uvc_lib16/spi16/sv/spi_env16.sv ...
Done /home/george.matei/Desktop/my_ref_flow/ref_flow_16/home16/george16.matei16/dvt_predefined_projects_target16/uvm_ref_flow_116.1/soc_verification_lib16/sv_cb_ex_lib16/interface_uvc_lib16/spi16/sv/spi_env16.sv [15 ms, 118 lines, SystemVerilog_2012] ...
Loading (201) /home/george.matei/Desktop/my_ref_flow/ref_flow_16/home16/george16.matei16/dvt_predefined_projects_target16/uvm_ref_flow_116.1/soc_verification_lib16/sv_cb_ex_lib16/interface_uvc_lib16/spi16/sv/spi_seq_lib16.sv ...
Done /home/george.matei/Desktop/my_ref_flow/ref_flow_16/home16/george16.matei16/dvt_predefined_projects_target16/uvm_ref_flow_116.1/soc_verification_lib16/sv_cb_ex_lib16/interface_uvc_lib16/spi16/sv/spi_seq_lib16.sv [6 ms, 74 lines, SystemVerilog_2012] ...
Done /home/george.matei/Desktop/my_ref_flow/ref_flow_16/home16/george16.matei16/dvt_predefined_projects_target16/uvm_ref_flow_116.1/soc_verification_lib16/sv_cb_ex_lib16/interface_uvc_lib16/spi16/sv/spi_pkg16.sv [0 ms, 68 lines, SystemVerilog_2012] ...
Loading (202) /home/george.matei/Desktop/my_ref_flow/ref_flow_16/home16/george16.matei16/dvt_predefined_projects_target16/uvm_ref_flow_116.1/soc_verification_lib16/sv_cb_ex_lib16/uart_ctrl16/sv/uart_ctrl_pkg16.sv ...
Skip (optimized) /home/george.matei/git/dvt.main/ro.amiq.dvt.predefined_projects/libs/uvm-1.1b/src/uvm_macros.svh ...
Loading (203) /home/george.matei/Desktop/my_ref_flow/ref_flow_16/home16/george16.matei16/dvt_predefined_projects_target16/uvm_ref_flow_116.1/soc_verification_lib16/sv_cb_ex_lib16/uart_ctrl16/sv/uart_ctrl_config16.sv ...
Done /home/george.matei/Desktop/my_ref_flow/ref_flow_16/home16/george16.matei16/dvt_predefined_projects_target16/uvm_ref_flow_116.1/soc_verification_lib16/sv_cb_ex_lib16/uart_ctrl16/sv/uart_ctrl_config16.sv [11 ms, 71 lines, SystemVerilog_2012] ...
Loading (204) /home/george.matei/Desktop/my_ref_flow/ref_flow_16/home16/george16.matei16/dvt_predefined_projects_target16/uvm_ref_flow_116.1/soc_verification_lib16/sv_cb_ex_lib16/uart_ctrl16/sv/uart_ctrl_reg_model16.sv ...
Done /home/george.matei/Desktop/my_ref_flow/ref_flow_16/home16/george16.matei16/dvt_predefined_projects_target16/uvm_ref_flow_116.1/soc_verification_lib16/sv_cb_ex_lib16/uart_ctrl16/sv/uart_ctrl_reg_model16.sv [38 ms, 399 lines, SystemVerilog_2012] ...
Loading (205) /home/george.matei/Desktop/my_ref_flow/ref_flow_16/home16/george16.matei16/dvt_predefined_projects_target16/uvm_ref_flow_116.1/soc_verification_lib16/sv_cb_ex_lib16/uart_ctrl16/sv/uart_ctrl_scoreboard16.sv ...
Done /home/george.matei/Desktop/my_ref_flow/ref_flow_16/home16/george16.matei16/dvt_predefined_projects_target16/uvm_ref_flow_116.1/soc_verification_lib16/sv_cb_ex_lib16/uart_ctrl16/sv/uart_ctrl_scoreboard16.sv [15 ms, 247 lines, SystemVerilog_2012] ...
Loading (206) /home/george.matei/Desktop/my_ref_flow/ref_flow_16/home16/george16.matei16/dvt_predefined_projects_target16/uvm_ref_flow_116.1/soc_verification_lib16/sv_cb_ex_lib16/uart_ctrl16/sv/coverage16/uart_ctrl_cover16.sv ...
Done /home/george.matei/Desktop/my_ref_flow/ref_flow_16/home16/george16.matei16/dvt_predefined_projects_target16/uvm_ref_flow_116.1/soc_verification_lib16/sv_cb_ex_lib16/uart_ctrl16/sv/coverage16/uart_ctrl_cover16.sv [2 ms, 96 lines, SystemVerilog_2012] ...
Loading (207) /home/george.matei/Desktop/my_ref_flow/ref_flow_16/home16/george16.matei16/dvt_predefined_projects_target16/uvm_ref_flow_116.1/soc_verification_lib16/sv_cb_ex_lib16/uart_ctrl16/sv/uart_ctrl_monitor16.sv ...
Done /home/george.matei/Desktop/my_ref_flow/ref_flow_16/home16/george16.matei16/dvt_predefined_projects_target16/uvm_ref_flow_116.1/soc_verification_lib16/sv_cb_ex_lib16/uart_ctrl16/sv/uart_ctrl_monitor16.sv [12 ms, 182 lines, SystemVerilog_2012] ...
Loading (208) /home/george.matei/Desktop/my_ref_flow/ref_flow_16/home16/george16.matei16/dvt_predefined_projects_target16/uvm_ref_flow_116.1/soc_verification_lib16/sv_cb_ex_lib16/uart_ctrl16/sv/uart_ctrl_reg_sequencer16.sv ...
Done /home/george.matei/Desktop/my_ref_flow/ref_flow_16/home16/george16.matei16/dvt_predefined_projects_target16/uvm_ref_flow_116.1/soc_verification_lib16/sv_cb_ex_lib16/uart_ctrl16/sv/uart_ctrl_reg_sequencer16.sv [4 ms, 27 lines, SystemVerilog_2012] ...
Loading (209) /home/george.matei/Desktop/my_ref_flow/ref_flow_16/home16/george16.matei16/dvt_predefined_projects_target16/uvm_ref_flow_116.1/soc_verification_lib16/sv_cb_ex_lib16/uart_ctrl16/sv/uart_ctrl_virtual_sequencer16.sv ...
Done /home/george.matei/Desktop/my_ref_flow/ref_flow_16/home16/george16.matei16/dvt_predefined_projects_target16/uvm_ref_flow_116.1/soc_verification_lib16/sv_cb_ex_lib16/uart_ctrl16/sv/uart_ctrl_virtual_sequencer16.sv [8 ms, 50 lines, SystemVerilog_2012] ...
Loading (210) /home/george.matei/Desktop/my_ref_flow/ref_flow_16/home16/george16.matei16/dvt_predefined_projects_target16/uvm_ref_flow_116.1/soc_verification_lib16/sv_cb_ex_lib16/uart_ctrl16/sv/uart_ctrl_env16.sv ...
Loading (211) /home/george.matei/Desktop/my_ref_flow/ref_flow_16/home16/george16.matei16/dvt_predefined_projects_target16/uvm_ref_flow_116.1/soc_verification_lib16/sv_cb_ex_lib16/uart_ctrl16/sv/uart_ctrl_defines16.svh ...
Done /home/george.matei/Desktop/my_ref_flow/ref_flow_16/home16/george16.matei16/dvt_predefined_projects_target16/uvm_ref_flow_116.1/soc_verification_lib16/sv_cb_ex_lib16/uart_ctrl16/sv/uart_ctrl_defines16.svh [0 ms, 47 lines, SystemVerilog_2012] ...
Done /home/george.matei/Desktop/my_ref_flow/ref_flow_16/home16/george16.matei16/dvt_predefined_projects_target16/uvm_ref_flow_116.1/soc_verification_lib16/sv_cb_ex_lib16/uart_ctrl16/sv/uart_ctrl_env16.sv [23 ms, 189 lines, SystemVerilog_2012] ...
Done /home/george.matei/Desktop/my_ref_flow/ref_flow_16/home16/george16.matei16/dvt_predefined_projects_target16/uvm_ref_flow_116.1/soc_verification_lib16/sv_cb_ex_lib16/uart_ctrl16/sv/uart_ctrl_pkg16.sv [0 ms, 53 lines, SystemVerilog_2012] ...
Loading (212) /home/george.matei/Desktop/my_ref_flow/ref_flow_16/home16/george16.matei16/dvt_predefined_projects_target16/uvm_ref_flow_116.1/soc_verification_lib16/sv_cb_ex_lib16/apb_subsystem16/sv/apb_subsystem_pkg16.sv ...
Skip (optimized) /home/george.matei/git/dvt.main/ro.amiq.dvt.predefined_projects/libs/uvm-1.1b/src/uvm_macros.svh ...
Loading (213) /home/george.matei/Desktop/my_ref_flow/ref_flow_16/home16/george16.matei16/dvt_predefined_projects_target16/uvm_ref_flow_116.1/soc_verification_lib16/sv_cb_ex_lib16/apb_subsystem16/sv/apb_subsystem_config16.sv ...
Done /home/george.matei/Desktop/my_ref_flow/ref_flow_16/home16/george16.matei16/dvt_predefined_projects_target16/uvm_ref_flow_116.1/soc_verification_lib16/sv_cb_ex_lib16/apb_subsystem16/sv/apb_subsystem_config16.sv [20 ms, 87 lines, SystemVerilog_2012] ...
Loading (214) /home/george.matei/Desktop/my_ref_flow/ref_flow_16/home16/george16.matei16/dvt_predefined_projects_target16/uvm_ref_flow_116.1/soc_verification_lib16/sv_cb_ex_lib16/apb_subsystem16/sv/apb_subsystem_scoreboard16.sv ...
Done /home/george.matei/Desktop/my_ref_flow/ref_flow_16/home16/george16.matei16/dvt_predefined_projects_target16/uvm_ref_flow_116.1/soc_verification_lib16/sv_cb_ex_lib16/apb_subsystem16/sv/apb_subsystem_scoreboard16.sv [6 ms, 128 lines, SystemVerilog_2012] ...
Loading (215) /home/george.matei/Desktop/my_ref_flow/ref_flow_16/home16/george16.matei16/dvt_predefined_projects_target16/uvm_ref_flow_116.1/soc_verification_lib16/sv_cb_ex_lib16/apb_subsystem16/sv/apb_subsystem_monitor16.sv ...
Done /home/george.matei/Desktop/my_ref_flow/ref_flow_16/home16/george16.matei16/dvt_predefined_projects_target16/uvm_ref_flow_116.1/soc_verification_lib16/sv_cb_ex_lib16/apb_subsystem16/sv/apb_subsystem_monitor16.sv [2 ms, 64 lines, SystemVerilog_2012] ...
Loading (216) /home/george.matei/Desktop/my_ref_flow/ref_flow_16/home16/george16.matei16/dvt_predefined_projects_target16/uvm_ref_flow_116.1/soc_verification_lib16/sv_cb_ex_lib16/apb_subsystem16/sv/apb_subsystem_env16.sv ...
Done /home/george.matei/Desktop/my_ref_flow/ref_flow_16/home16/george16.matei16/dvt_predefined_projects_target16/uvm_ref_flow_116.1/soc_verification_lib16/sv_cb_ex_lib16/apb_subsystem16/sv/apb_subsystem_env16.sv [12 ms, 158 lines, SystemVerilog_2012] ...
Done /home/george.matei/Desktop/my_ref_flow/ref_flow_16/home16/george16.matei16/dvt_predefined_projects_target16/uvm_ref_flow_116.1/soc_verification_lib16/sv_cb_ex_lib16/apb_subsystem16/sv/apb_subsystem_pkg16.sv [0 ms, 53 lines, SystemVerilog_2012] ...
Loading (217) /home/george.matei/Desktop/my_ref_flow/ref_flow_16/home16/george16.matei16/dvt_predefined_projects_target16/uvm_ref_flow_116.1/soc_verification_lib16/sv_cb_ex_lib16/apb_subsystem16/tb/sv/apb_subsystem_top16.sv ...
Loading (218) /home/george.matei/Desktop/my_ref_flow/ref_flow_16/home16/george16.matei16/dvt_predefined_projects_target16/uvm_ref_flow_116.1/soc_verification_lib16/sv_cb_ex_lib16/interface_uvc_lib16/ahb16/sv/ahb_if16.sv ...
Done /home/george.matei/Desktop/my_ref_flow/ref_flow_16/home16/george16.matei16/dvt_predefined_projects_target16/uvm_ref_flow_116.1/soc_verification_lib16/sv_cb_ex_lib16/interface_uvc_lib16/ahb16/sv/ahb_if16.sv [1 ms, 95 lines, SystemVerilog_2012] ...
Loading (219) /home/george.matei/Desktop/my_ref_flow/ref_flow_16/home16/george16.matei16/dvt_predefined_projects_target16/uvm_ref_flow_116.1/soc_verification_lib16/sv_cb_ex_lib16/interface_uvc_lib16/apb16/sv/apb_if16.sv ...
Done /home/george.matei/Desktop/my_ref_flow/ref_flow_16/home16/george16.matei16/dvt_predefined_projects_target16/uvm_ref_flow_116.1/soc_verification_lib16/sv_cb_ex_lib16/interface_uvc_lib16/apb16/sv/apb_if16.sv [0 ms, 111 lines, SystemVerilog_2012] ...
Loading (220) /home/george.matei/Desktop/my_ref_flow/ref_flow_16/home16/george16.matei16/dvt_predefined_projects_target16/uvm_ref_flow_116.1/soc_verification_lib16/sv_cb_ex_lib16/interface_uvc_lib16/apb16/sv/apb_master_if16.sv ...
Done /home/george.matei/Desktop/my_ref_flow/ref_flow_16/home16/george16.matei16/dvt_predefined_projects_target16/uvm_ref_flow_116.1/soc_verification_lib16/sv_cb_ex_lib16/interface_uvc_lib16/apb16/sv/apb_master_if16.sv [1 ms, 96 lines, SystemVerilog_2012] ...
Loading (221) /home/george.matei/Desktop/my_ref_flow/ref_flow_16/home16/george16.matei16/dvt_predefined_projects_target16/uvm_ref_flow_116.1/soc_verification_lib16/sv_cb_ex_lib16/interface_uvc_lib16/apb16/sv/apb_slave_if16.sv ...
Done /home/george.matei/Desktop/my_ref_flow/ref_flow_16/home16/george16.matei16/dvt_predefined_projects_target16/uvm_ref_flow_116.1/soc_verification_lib16/sv_cb_ex_lib16/interface_uvc_lib16/apb16/sv/apb_slave_if16.sv [0 ms, 87 lines, SystemVerilog_2012] ...
Loading (222) /home/george.matei/Desktop/my_ref_flow/ref_flow_16/home16/george16.matei16/dvt_predefined_projects_target16/uvm_ref_flow_116.1/soc_verification_lib16/sv_cb_ex_lib16/interface_uvc_lib16/uart16/sv/uart_if16.sv ...
Done /home/george.matei/Desktop/my_ref_flow/ref_flow_16/home16/george16.matei16/dvt_predefined_projects_target16/uvm_ref_flow_116.1/soc_verification_lib16/sv_cb_ex_lib16/interface_uvc_lib16/uart16/sv/uart_if16.sv [1 ms, 60 lines, SystemVerilog_2012] ...
Loading (223) /home/george.matei/Desktop/my_ref_flow/ref_flow_16/home16/george16.matei16/dvt_predefined_projects_target16/uvm_ref_flow_116.1/soc_verification_lib16/sv_cb_ex_lib16/interface_uvc_lib16/spi16/sv/spi_if16.sv ...
Done /home/george.matei/Desktop/my_ref_flow/ref_flow_16/home16/george16.matei16/dvt_predefined_projects_target16/uvm_ref_flow_116.1/soc_verification_lib16/sv_cb_ex_lib16/interface_uvc_lib16/spi16/sv/spi_if16.sv [0 ms, 80 lines, SystemVerilog_2012] ...
Loading (224) /home/george.matei/Desktop/my_ref_flow/ref_flow_16/home16/george16.matei16/dvt_predefined_projects_target16/uvm_ref_flow_116.1/soc_verification_lib16/sv_cb_ex_lib16/interface_uvc_lib16/gpio16/sv/gpio_if16.sv ...
Done /home/george.matei/Desktop/my_ref_flow/ref_flow_16/home16/george16.matei16/dvt_predefined_projects_target16/uvm_ref_flow_116.1/soc_verification_lib16/sv_cb_ex_lib16/interface_uvc_lib16/gpio16/sv/gpio_if16.sv [0 ms, 63 lines, SystemVerilog_2012] ...
Loading (225) /home/george.matei/Desktop/my_ref_flow/ref_flow_16/home16/george16.matei16/dvt_predefined_projects_target16/uvm_ref_flow_116.1/soc_verification_lib16/sv_cb_ex_lib16/uart_ctrl16/sv/coverage16/uart_ctrl_internal_if16.sv ...
Done /home/george.matei/Desktop/my_ref_flow/ref_flow_16/home16/george16.matei16/dvt_predefined_projects_target16/uvm_ref_flow_116.1/soc_verification_lib16/sv_cb_ex_lib16/uart_ctrl16/sv/coverage16/uart_ctrl_internal_if16.sv [0 ms, 18 lines, SystemVerilog_2012] ...
Loading (226) /home/george.matei/Desktop/my_ref_flow/ref_flow_16/home16/george16.matei16/dvt_predefined_projects_target16/uvm_ref_flow_116.1/soc_verification_lib16/sv_cb_ex_lib16/apb_subsystem16/sv/spi_reg_model16.sv ...
Done /home/george.matei/Desktop/my_ref_flow/ref_flow_16/home16/george16.matei16/dvt_predefined_projects_target16/uvm_ref_flow_116.1/soc_verification_lib16/sv_cb_ex_lib16/apb_subsystem16/sv/spi_reg_model16.sv [18 ms, 207 lines, SystemVerilog_2012] ...
Loading (227) /home/george.matei/Desktop/my_ref_flow/ref_flow_16/home16/george16.matei16/dvt_predefined_projects_target16/uvm_ref_flow_116.1/soc_verification_lib16/sv_cb_ex_lib16/apb_subsystem16/sv/gpio_reg_model16.sv ...
Done /home/george.matei/Desktop/my_ref_flow/ref_flow_16/home16/george16.matei16/dvt_predefined_projects_target16/uvm_ref_flow_116.1/soc_verification_lib16/sv_cb_ex_lib16/apb_subsystem16/sv/gpio_reg_model16.sv [20 ms, 253 lines, SystemVerilog_2012] ...
Loading (228) /home/george.matei/Desktop/my_ref_flow/ref_flow_16/home16/george16.matei16/dvt_predefined_projects_target16/uvm_ref_flow_116.1/soc_verification_lib16/sv_cb_ex_lib16/apb_subsystem16/sv/apb_subsystem_reg_rdb16.sv ...
Done /home/george.matei/Desktop/my_ref_flow/ref_flow_16/home16/george16.matei16/dvt_predefined_projects_target16/uvm_ref_flow_116.1/soc_verification_lib16/sv_cb_ex_lib16/apb_subsystem16/sv/apb_subsystem_reg_rdb16.sv [5 ms, 92 lines, SystemVerilog_2012] ...
Loading (229) /home/george.matei/Desktop/my_ref_flow/ref_flow_16/home16/george16.matei16/dvt_predefined_projects_target16/uvm_ref_flow_116.1/soc_verification_lib16/sv_cb_ex_lib16/uart_ctrl16/sv/sequence_lib16/uart_ctrl_reg_seq_lib16.sv ...
Done /home/george.matei/Desktop/my_ref_flow/ref_flow_16/home16/george16.matei16/dvt_predefined_projects_target16/uvm_ref_flow_116.1/soc_verification_lib16/sv_cb_ex_lib16/uart_ctrl16/sv/sequence_lib16/uart_ctrl_reg_seq_lib16.sv [16 ms, 166 lines, SystemVerilog_2012] ...
Loading (230) /home/george.matei/Desktop/my_ref_flow/ref_flow_16/home16/george16.matei16/dvt_predefined_projects_target16/uvm_ref_flow_116.1/soc_verification_lib16/sv_cb_ex_lib16/apb_subsystem16/sv/sequence_lib16/spi_reg_seq_lib16.sv ...
Done /home/george.matei/Desktop/my_ref_flow/ref_flow_16/home16/george16.matei16/dvt_predefined_projects_target16/uvm_ref_flow_116.1/soc_verification_lib16/sv_cb_ex_lib16/apb_subsystem16/sv/sequence_lib16/spi_reg_seq_lib16.sv [4 ms, 79 lines, SystemVerilog_2012] ...
Loading (231) /home/george.matei/Desktop/my_ref_flow/ref_flow_16/home16/george16.matei16/dvt_predefined_projects_target16/uvm_ref_flow_116.1/soc_verification_lib16/sv_cb_ex_lib16/apb_subsystem16/sv/sequence_lib16/gpio_reg_seq_lib16.sv ...
Done /home/george.matei/Desktop/my_ref_flow/ref_flow_16/home16/george16.matei16/dvt_predefined_projects_target16/uvm_ref_flow_116.1/soc_verification_lib16/sv_cb_ex_lib16/apb_subsystem16/sv/sequence_lib16/gpio_reg_seq_lib16.sv [3 ms, 54 lines, SystemVerilog_2012] ...
Loading (232) /home/george.matei/Desktop/my_ref_flow/ref_flow_16/home16/george16.matei16/dvt_predefined_projects_target16/uvm_ref_flow_116.1/soc_verification_lib16/sv_cb_ex_lib16/apb_subsystem16/sv/ahb_user_monitor16.sv ...
Done /home/george.matei/Desktop/my_ref_flow/ref_flow_16/home16/george16.matei16/dvt_predefined_projects_target16/uvm_ref_flow_116.1/soc_verification_lib16/sv_cb_ex_lib16/apb_subsystem16/sv/ahb_user_monitor16.sv [2 ms, 69 lines, SystemVerilog_2012] ...
Loading (233) /home/george.matei/Desktop/my_ref_flow/ref_flow_16/home16/george16.matei16/dvt_predefined_projects_target16/uvm_ref_flow_116.1/soc_verification_lib16/sv_cb_ex_lib16/apb_subsystem16/sv/sequence_lib16/apb_subsystem_seq_lib16.sv ...
Done /home/george.matei/Desktop/my_ref_flow/ref_flow_16/home16/george16.matei16/dvt_predefined_projects_target16/uvm_ref_flow_116.1/soc_verification_lib16/sv_cb_ex_lib16/apb_subsystem16/sv/sequence_lib16/apb_subsystem_seq_lib16.sv [30 ms, 257 lines, SystemVerilog_2012] ...
Loading (234) /home/george.matei/Desktop/my_ref_flow/ref_flow_16/home16/george16.matei16/dvt_predefined_projects_target16/uvm_ref_flow_116.1/soc_verification_lib16/sv_cb_ex_lib16/apb_subsystem16/sv/apb_subsystem_vir_sequencer16.sv ...
Done /home/george.matei/Desktop/my_ref_flow/ref_flow_16/home16/george16.matei16/dvt_predefined_projects_target16/uvm_ref_flow_116.1/soc_verification_lib16/sv_cb_ex_lib16/apb_subsystem16/sv/apb_subsystem_vir_sequencer16.sv [5 ms, 46 lines, SystemVerilog_2012] ...
Loading (235) /home/george.matei/Desktop/my_ref_flow/ref_flow_16/home16/george16.matei16/dvt_predefined_projects_target16/uvm_ref_flow_116.1/soc_verification_lib16/sv_cb_ex_lib16/apb_subsystem16/sv/sequence_lib16/apb_subsystem_vir_seq_lib16.sv ...
Done /home/george.matei/Desktop/my_ref_flow/ref_flow_16/home16/george16.matei16/dvt_predefined_projects_target16/uvm_ref_flow_116.1/soc_verification_lib16/sv_cb_ex_lib16/apb_subsystem16/sv/sequence_lib16/apb_subsystem_vir_seq_lib16.sv [62 ms, 489 lines, SystemVerilog_2012] ...
Loading (236) /home/george.matei/Desktop/my_ref_flow/ref_flow_16/home16/george16.matei16/dvt_predefined_projects_target16/uvm_ref_flow_116.1/soc_verification_lib16/sv_cb_ex_lib16/apb_subsystem16/tb/sv/apb_subsystem_tb16.sv ...
Done /home/george.matei/Desktop/my_ref_flow/ref_flow_16/home16/george16.matei16/dvt_predefined_projects_target16/uvm_ref_flow_116.1/soc_verification_lib16/sv_cb_ex_lib16/apb_subsystem16/tb/sv/apb_subsystem_tb16.sv [29 ms, 223 lines, SystemVerilog_2012] ...
Loading (237) /home/george.matei/Desktop/my_ref_flow/ref_flow_16/home16/george16.matei16/dvt_predefined_projects_target16/uvm_ref_flow_116.1/soc_verification_lib16/sv_cb_ex_lib16/apb_subsystem16/tb/tests/test_lib16.sv ...
Loading (238) /home/george.matei/Desktop/my_ref_flow/ref_flow_16/home16/george16.matei16/dvt_predefined_projects_target16/uvm_ref_flow_116.1/soc_verification_lib16/sv_cb_ex_lib16/apb_subsystem16/tb/tests/apb_uart_simple_test16.sv ...
Done /home/george.matei/Desktop/my_ref_flow/ref_flow_16/home16/george16.matei16/dvt_predefined_projects_target16/uvm_ref_flow_116.1/soc_verification_lib16/sv_cb_ex_lib16/apb_subsystem16/tb/tests/apb_uart_simple_test16.sv [2 ms, 49 lines, SystemVerilog_2012] ...
Loading (239) /home/george.matei/Desktop/my_ref_flow/ref_flow_16/home16/george16.matei16/dvt_predefined_projects_target16/uvm_ref_flow_116.1/soc_verification_lib16/sv_cb_ex_lib16/apb_subsystem16/tb/tests/apb_spi_simple_test16.sv ...
Done /home/george.matei/Desktop/my_ref_flow/ref_flow_16/home16/george16.matei16/dvt_predefined_projects_target16/uvm_ref_flow_116.1/soc_verification_lib16/sv_cb_ex_lib16/apb_subsystem16/tb/tests/apb_spi_simple_test16.sv [1 ms, 48 lines, SystemVerilog_2012] ...
Loading (240) /home/george.matei/Desktop/my_ref_flow/ref_flow_16/home16/george16.matei16/dvt_predefined_projects_target16/uvm_ref_flow_116.1/soc_verification_lib16/sv_cb_ex_lib16/apb_subsystem16/tb/tests/apb_gpio_simple_test16.sv ...
Done /home/george.matei/Desktop/my_ref_flow/ref_flow_16/home16/george16.matei16/dvt_predefined_projects_target16/uvm_ref_flow_116.1/soc_verification_lib16/sv_cb_ex_lib16/apb_subsystem16/tb/tests/apb_gpio_simple_test16.sv [2 ms, 49 lines, SystemVerilog_2012] ...
Loading (241) /home/george.matei/Desktop/my_ref_flow/ref_flow_16/home16/george16.matei16/dvt_predefined_projects_target16/uvm_ref_flow_116.1/soc_verification_lib16/sv_cb_ex_lib16/apb_subsystem16/tb/tests/apb_subsystem_test16.sv ...
Done /home/george.matei/Desktop/my_ref_flow/ref_flow_16/home16/george16.matei16/dvt_predefined_projects_target16/uvm_ref_flow_116.1/soc_verification_lib16/sv_cb_ex_lib16/apb_subsystem16/tb/tests/apb_subsystem_test16.sv [2 ms, 49 lines, SystemVerilog_2012] ...
Loading (242) /home/george.matei/Desktop/my_ref_flow/ref_flow_16/home16/george16.matei16/dvt_predefined_projects_target16/uvm_ref_flow_116.1/soc_verification_lib16/sv_cb_ex_lib16/apb_subsystem16/tb/tests/apb_subsystem_lp_test16.sv ...
Done /home/george.matei/Desktop/my_ref_flow/ref_flow_16/home16/george16.matei16/dvt_predefined_projects_target16/uvm_ref_flow_116.1/soc_verification_lib16/sv_cb_ex_lib16/apb_subsystem16/tb/tests/apb_subsystem_lp_test16.sv [1 ms, 48 lines, SystemVerilog_2012] ...
Loading (243) /home/george.matei/Desktop/my_ref_flow/ref_flow_16/home16/george16.matei16/dvt_predefined_projects_target16/uvm_ref_flow_116.1/soc_verification_lib16/sv_cb_ex_lib16/apb_subsystem16/tb/tests/lp_shutdown_urt116.sv ...
Done /home/george.matei/Desktop/my_ref_flow/ref_flow_16/home16/george16.matei16/dvt_predefined_projects_target16/uvm_ref_flow_116.1/soc_verification_lib16/sv_cb_ex_lib16/apb_subsystem16/tb/tests/lp_shutdown_urt116.sv [2 ms, 48 lines, SystemVerilog_2012] ...
Done /home/george.matei/Desktop/my_ref_flow/ref_flow_16/home16/george16.matei16/dvt_predefined_projects_target16/uvm_ref_flow_116.1/soc_verification_lib16/sv_cb_ex_lib16/apb_subsystem16/tb/tests/test_lib16.sv [0 ms, 34 lines, SystemVerilog_2012] ...
Done /home/george.matei/Desktop/my_ref_flow/ref_flow_16/home16/george16.matei16/dvt_predefined_projects_target16/uvm_ref_flow_116.1/soc_verification_lib16/sv_cb_ex_lib16/apb_subsystem16/tb/sv/apb_subsystem_top16.sv [4 ms, 328 lines, SystemVerilog_2012] ...
*** Done parsing [LT 949.0 ms, PT 2364.0 ms, SGT 16%, UGT 52%] ***
*** Total number of lines [80 015] ***
Performing post full build actions ...
Performing post full build step 1 (SRI) [1 ms] ...
Performing post full build step 2 (RI) [3 ms] ...
Performing post full build step 3 (RCP) [9 ms] ...
*** Done SystemVerilog build [2s.403ms] ***
*** Start mixed mode extension build ***
Performing mixed post full build step 1 (Verilog - RI) [4 ms] ...
Performing mixed post full build step 2 (Verilog - RC) [0 ms] ...
Performing mixed post full build step 3 (Verilog - RPC) [1 ms] ...
Performing mixed post full build step 4 (Verilog - RD) [14 ms] ...
Performing mixed post full build step 5 (Verilog - FSC) [233 ms] ...
Performing mixed post full build step 6 (Verilog - EV) [174 ms] ...
Performing mixed post full build step 7 (Verilog - US) [51 ms] ...
*** Done mixed mode extension build [486 ms] ***
*** Start adding/validating the DVT Auto-Linked resources ***
*** Done adding/validating the DVT Auto-Linked resources [14 ms] ***
*** Total build time [2s.989ms] ***
